[ 2018-03-18T17:15:41+08:00 ] 127.0.0.1 /
INFO: [ app_init ] --START--
INFO: Run Behavior\BuildLiteBehavior [ RunTime:0.000013s ]
INFO: [ app_init ] --END-- [ RunTime:0.000693s ]
INFO: [ app_begin ] --START--
INFO: Run Behavior\ReadHtmlCacheBehavior [ RunTime:0.000645s ]
INFO: [ app_begin ] --END-- [ RunTime:0.000685s ]
NOTIC: [8] A session had already been started - ignoring session_start() D:\PHP\yanjing\Application\Admin\Controller\AdminController.class.php 第 6 行.
NOTIC: [8] Undefined index:  D:\PHP\yanjing\Application\Admin\Controller\AdminController.class.php 第 30 行.
NOTIC: [8] Undefined index: authName D:\PHP\yanjing\Application\Admin\Controller\AdminController.class.php 第 31 行.
SQL: SHOW COLUMNS FROM `gls_menu` [ RunTime:0.0090s ]
SQL: SELECT * FROM `gls_menu` WHERE `status` = 1 AND `pid` = 0 ORDER BY sort  [ RunTime:0.0009s ]
SQL: SELECT * FROM `gls_menu` WHERE `status` = 1 AND `pid` = 1 ORDER BY sort  [ RunTime:0.0004s ]
INFO: [ view_parse ] --START--
INFO: [ template_filter ] --START--
INFO: Run Behavior\ContentReplaceBehavior [ RunTime:0.000357s ]
INFO: [ template_filter ] --END-- [ RunTime:0.000399s ]
NOTIC: [8] Undefined variable: CONFIG D:\PHP\yanjing\Runtime\Cache\Admin\085b574956cdc611cfedaace62cf4e64.php 第 7 行.
NOTIC: [8] Undefined variable: CONFIG D:\PHP\yanjing\Runtime\Cache\Admin\085b574956cdc611cfedaace62cf4e64.php 第 8 行.
NOTIC: [8] Undefined variable: CONFIG D:\PHP\yanjing\Runtime\Cache\Admin\085b574956cdc611cfedaace62cf4e64.php 第 9 行.
NOTIC: [8] Undefined variable: personal D:\PHP\yanjing\Runtime\Cache\Admin\085b574956cdc611cfedaace62cf4e64.php 第 204 行.
NOTIC: [8] Undefined variable: personal D:\PHP\yanjing\Runtime\Cache\Admin\085b574956cdc611cfedaace62cf4e64.php 第 204 行.
NOTIC: [8] Undefined variable: personal D:\PHP\yanjing\Runtime\Cache\Admin\085b574956cdc611cfedaace62cf4e64.php 第 205 行.
NOTIC: [8] Undefined variable: personal D:\PHP\yanjing\Runtime\Cache\Admin\085b574956cdc611cfedaace62cf4e64.php 第 210 行.
NOTIC: [8] Undefined variable: personal D:\PHP\yanjing\Runtime\Cache\Admin\085b574956cdc611cfedaace62cf4e64.php 第 211 行.
NOTIC: [8] Undefined variable: personal D:\PHP\yanjing\Runtime\Cache\Admin\085b574956cdc611cfedaace62cf4e64.php 第 216 行.
NOTIC: [8] Undefined variable: personal D:\PHP\yanjing\Runtime\Cache\Admin\085b574956cdc611cfedaace62cf4e64.php 第 239 行.
NOTIC: [8] Undefined variable: personal D:\PHP\yanjing\Runtime\Cache\Admin\085b574956cdc611cfedaace62cf4e64.php 第 239 行.
NOTIC: [8] Undefined variable: personal D:\PHP\yanjing\Runtime\Cache\Admin\085b574956cdc611cfedaace62cf4e64.php 第 240 行.
NOTIC: [8] Undefined variable: personal D:\PHP\yanjing\Runtime\Cache\Admin\085b574956cdc611cfedaace62cf4e64.php 第 248 行.
NOTIC: [8] Undefined variable: personal D:\PHP\yanjing\Runtime\Cache\Admin\085b574956cdc611cfedaace62cf4e64.php 第 248 行.
NOTIC: [8] Undefined variable: personal D:\PHP\yanjing\Runtime\Cache\Admin\085b574956cdc611cfedaace62cf4e64.php 第 249 行.
NOTIC: [8] Undefined variable: personal D:\PHP\yanjing\Runtime\Cache\Admin\085b574956cdc611cfedaace62cf4e64.php 第 253 行.
NOTIC: [8] Undefined variable: personal D:\PHP\yanjing\Runtime\Cache\Admin\085b574956cdc611cfedaace62cf4e64.php 第 254 行.
NOTIC: [8] Undefined variable: personal D:\PHP\yanjing\Runtime\Cache\Admin\085b574956cdc611cfedaace62cf4e64.php 第 260 行.
NOTIC: [8] Undefined variable: personal D:\PHP\yanjing\Runtime\Cache\Admin\085b574956cdc611cfedaace62cf4e64.php 第 260 行.
NOTIC: [8] Undefined variable: personal D:\PHP\yanjing\Runtime\Cache\Admin\085b574956cdc611cfedaace62cf4e64.php 第 261 行.
NOTIC: [8] Undefined variable: noReadNum D:\PHP\yanjing\Runtime\Cache\Admin\085b574956cdc611cfedaace62cf4e64.php 第 388 行.
NOTIC: [8] Undefined variable: CONFIG D:\PHP\yanjing\Runtime\Cache\Admin\085b574956cdc611cfedaace62cf4e64.php 第 588 行.
NOTIC: [8] Undefined variable: CONFIG D:\PHP\yanjing\Runtime\Cache\Admin\085b574956cdc611cfedaace62cf4e64.php 第 589 行.
NOTIC: [8] Undefined variable: CONFIG D:\PHP\yanjing\Runtime\Cache\Admin\085b574956cdc611cfedaace62cf4e64.php 第 590 行.
NOTIC: [8] Undefined variable: CONFIG D:\PHP\yanjing\Runtime\Cache\Admin\085b574956cdc611cfedaace62cf4e64.php 第 591 行.
NOTIC: [8] Undefined variable: CONFIG D:\PHP\yanjing\Runtime\Cache\Admin\085b574956cdc611cfedaace62cf4e64.php 第 592 行.
NOTIC: [8] Undefined variable: CONFIG D:\PHP\yanjing\Runtime\Cache\Admin\085b574956cdc611cfedaace62cf4e64.php 第 593 行.
NOTIC: [8] Undefined variable: CONFIG D:\PHP\yanjing\Runtime\Cache\Admin\085b574956cdc611cfedaace62cf4e64.php 第 594 行.
NOTIC: [8] Undefined variable: CONFIG D:\PHP\yanjing\Runtime\Cache\Admin\085b574956cdc611cfedaace62cf4e64.php 第 595 行.
NOTIC: [8] Undefined variable: CONFIG D:\PHP\yanjing\Runtime\Cache\Admin\085b574956cdc611cfedaace62cf4e64.php 第 596 行.
NOTIC: [8] Undefined variable: CONFIG D:\PHP\yanjing\Runtime\Cache\Admin\085b574956cdc611cfedaace62cf4e64.php 第 603 行.
INFO: Run Behavior\ParseTemplateBehavior [ RunTime:0.013652s ]
INFO: [ view_parse ] --END-- [ RunTime:0.013681s ]
INFO: [ view_filter ] --START--
INFO: Run Behavior\WriteHtmlCacheBehavior [ RunTime:0.000495s ]
INFO: [ view_filter ] --END-- [ RunTime:0.000522s ]
INFO: [ app_end ] --START--
INFO: Run Behavior\ShowPageTraceBehavior [ RunTime:0.000865s ]
INFO: [ app_end ] --END-- [ RunTime:0.000912s ]

[ 2018-03-18T17:15:41+08:00 ] 127.0.0.1 /index.php/Index/home.html
INFO: [ app_init ] --START--
INFO: Run Behavior\BuildLiteBehavior [ RunTime:0.000011s ]
INFO: [ app_init ] --END-- [ RunTime:0.000687s ]
INFO: [ app_begin ] --START--
INFO: Run Behavior\ReadHtmlCacheBehavior [ RunTime:0.000864s ]
INFO: [ app_begin ] --END-- [ RunTime:0.000919s ]
NOTIC: [8] A session had already been started - ignoring session_start() D:\PHP\yanjing\Application\Admin\Controller\AdminController.class.php 第 6 行.
NOTIC: [8] Undefined index:  D:\PHP\yanjing\Application\Admin\Controller\AdminController.class.php 第 30 行.
NOTIC: [8] Undefined index: authName D:\PHP\yanjing\Application\Admin\Controller\AdminController.class.php 第 31 行.
INFO: [ view_parse ] --START--
INFO: [ template_filter ] --START--
INFO: Run Behavior\ContentReplaceBehavior [ RunTime:0.000153s ]
INFO: [ template_filter ] --END-- [ RunTime:0.000208s ]
NOTIC: [8] Undefined variable: meta_title D:\PHP\yanjing\Runtime\Cache\Admin\9c5d20aa0e9b8893a9d043a77e86c28e.php 第 7 行.
NOTIC: [8] Undefined variable: CONFIG D:\PHP\yanjing\Runtime\Cache\Admin\9c5d20aa0e9b8893a9d043a77e86c28e.php 第 7 行.
NOTIC: [8] Undefined variable: CONFIG D:\PHP\yanjing\Runtime\Cache\Admin\9c5d20aa0e9b8893a9d043a77e86c28e.php 第 8 行.
NOTIC: [8] Undefined variable: CONFIG D:\PHP\yanjing\Runtime\Cache\Admin\9c5d20aa0e9b8893a9d043a77e86c28e.php 第 9 行.
INFO: Run Behavior\ParseTemplateBehavior [ RunTime:0.007300s ]
INFO: [ view_parse ] --END-- [ RunTime:0.007342s ]
INFO: [ view_filter ] --START--
INFO: Run Behavior\WriteHtmlCacheBehavior [ RunTime:0.000662s ]
INFO: [ view_filter ] --END-- [ RunTime:0.000703s ]
INFO: [ app_end ] --START--
INFO: Run Behavior\ShowPageTraceBehavior [ RunTime:0.000926s ]
INFO: [ app_end ] --END-- [ RunTime:0.000973s ]

[ 2018-03-18T17:15:41+08:00 ] 127.0.0.1 /favicon.ico
INFO: [ app_init ] --START--
INFO: Run Behavior\BuildLiteBehavior [ RunTime:0.000008s ]
INFO: [ app_init ] --END-- [ RunTime:0.000470s ]

[ 2018-03-18T17:15:43+08:00 ] 127.0.0.1 /index.php/Lens/userLensAdd
INFO: [ app_init ] --START--
INFO: Run Behavior\BuildLiteBehavior [ RunTime:0.000009s ]
INFO: [ app_init ] --END-- [ RunTime:0.000640s ]
INFO: [ app_begin ] --START--
INFO: Run Behavior\ReadHtmlCacheBehavior [ RunTime:0.000703s ]
INFO: [ app_begin ] --END-- [ RunTime:0.000742s ]
NOTIC: [8] A session had already been started - ignoring session_start() D:\PHP\yanjing\Application\Admin\Controller\AdminController.class.php 第 6 行.
NOTIC: [8] Undefined index:  D:\PHP\yanjing\Application\Admin\Controller\AdminController.class.php 第 30 行.
NOTIC: [8] Undefined index: authName D:\PHP\yanjing\Application\Admin\Controller\AdminController.class.php 第 31 行.
SQL: SHOW COLUMNS FROM `gls_user` [ RunTime:0.0103s ]
SQL: SHOW COLUMNS FROM `gls_user_lens` [ RunTime:0.0055s ]
INFO: [ view_parse ] --START--
INFO: [ template_filter ] --START--
INFO: Run Behavior\ContentReplaceBehavior [ RunTime:0.000505s ]
INFO: [ template_filter ] --END-- [ RunTime:0.000542s ]
NOTIC: [8] Undefined variable: CONFIG D:\PHP\yanjing\Runtime\Cache\Admin\bdf82f1201fbca4150e1defeddfa6302.php 第 7 行.
NOTIC: [8] Undefined variable: CONFIG D:\PHP\yanjing\Runtime\Cache\Admin\bdf82f1201fbca4150e1defeddfa6302.php 第 8 行.
NOTIC: [8] Undefined variable: CONFIG D:\PHP\yanjing\Runtime\Cache\Admin\bdf82f1201fbca4150e1defeddfa6302.php 第 9 行.
NOTIC: [8] Undefined variable: list D:\PHP\yanjing\Runtime\Cache\Admin\bdf82f1201fbca4150e1defeddfa6302.php 第 244 行.
NOTIC: [8] Undefined variable: data D:\PHP\yanjing\Runtime\Cache\Admin\bdf82f1201fbca4150e1defeddfa6302.php 第 287 行.
NOTIC: [8] Undefined variable: data D:\PHP\yanjing\Runtime\Cache\Admin\bdf82f1201fbca4150e1defeddfa6302.php 第 294 行.
NOTIC: [8] Undefined variable: data D:\PHP\yanjing\Runtime\Cache\Admin\bdf82f1201fbca4150e1defeddfa6302.php 第 320 行.
NOTIC: [8] Undefined variable: data D:\PHP\yanjing\Runtime\Cache\Admin\bdf82f1201fbca4150e1defeddfa6302.php 第 327 行.
NOTIC: [8] Undefined variable: artist D:\PHP\yanjing\Runtime\Cache\Admin\bdf82f1201fbca4150e1defeddfa6302.php 第 341 行.
NOTIC: [8] Undefined variable: data D:\PHP\yanjing\Runtime\Cache\Admin\bdf82f1201fbca4150e1defeddfa6302.php 第 345 行.
NOTIC: [8] Undefined variable: artist D:\PHP\yanjing\Runtime\Cache\Admin\bdf82f1201fbca4150e1defeddfa6302.php 第 348 行.
NOTIC: [8] Undefined variable: data D:\PHP\yanjing\Runtime\Cache\Admin\bdf82f1201fbca4150e1defeddfa6302.php 第 379 行.
NOTIC: [8] Undefined variable: data D:\PHP\yanjing\Runtime\Cache\Admin\bdf82f1201fbca4150e1defeddfa6302.php 第 383 行.
NOTIC: [8] Undefined variable: artist D:\PHP\yanjing\Runtime\Cache\Admin\bdf82f1201fbca4150e1defeddfa6302.php 第 386 行.
NOTIC: [8] Undefined variable: data D:\PHP\yanjing\Runtime\Cache\Admin\bdf82f1201fbca4150e1defeddfa6302.php 第 396 行.
NOTIC: [8] Undefined variable: data D:\PHP\yanjing\Runtime\Cache\Admin\bdf82f1201fbca4150e1defeddfa6302.php 第 400 行.
NOTIC: [8] Undefined variable: artist D:\PHP\yanjing\Runtime\Cache\Admin\bdf82f1201fbca4150e1defeddfa6302.php 第 403 行.
NOTIC: [8] Undefined variable: data D:\PHP\yanjing\Runtime\Cache\Admin\bdf82f1201fbca4150e1defeddfa6302.php 第 412 行.
NOTIC: [8] Undefined variable: data D:\PHP\yanjing\Runtime\Cache\Admin\bdf82f1201fbca4150e1defeddfa6302.php 第 419 行.
NOTIC: [8] Undefined variable: data D:\PHP\yanjing\Runtime\Cache\Admin\bdf82f1201fbca4150e1defeddfa6302.php 第 426 行.
NOTIC: [8] Undefined variable: data D:\PHP\yanjing\Runtime\Cache\Admin\bdf82f1201fbca4150e1defeddfa6302.php 第 433 行.
NOTIC: [8] Undefined variable: data D:\PHP\yanjing\Runtime\Cache\Admin\bdf82f1201fbca4150e1defeddfa6302.php 第 440 行.
NOTIC: [8] Undefined variable: data D:\PHP\yanjing\Runtime\Cache\Admin\bdf82f1201fbca4150e1defeddfa6302.php 第 447 行.
NOTIC: [8] Undefined variable: data D:\PHP\yanjing\Runtime\Cache\Admin\bdf82f1201fbca4150e1defeddfa6302.php 第 454 行.
NOTIC: [8] Undefined variable: data D:\PHP\yanjing\Runtime\Cache\Admin\bdf82f1201fbca4150e1defeddfa6302.php 第 461 行.
NOTIC: [8] Undefined variable: data D:\PHP\yanjing\Runtime\Cache\Admin\bdf82f1201fbca4150e1defeddfa6302.php 第 468 行.
NOTIC: [8] Undefined variable: data D:\PHP\yanjing\Runtime\Cache\Admin\bdf82f1201fbca4150e1defeddfa6302.php 第 475 行.
NOTIC: [8] Undefined variable: data D:\PHP\yanjing\Runtime\Cache\Admin\bdf82f1201fbca4150e1defeddfa6302.php 第 482 行.
NOTIC: [8] Undefined variable: data D:\PHP\yanjing\Runtime\Cache\Admin\bdf82f1201fbca4150e1defeddfa6302.php 第 489 行.
NOTIC: [8] Undefined variable: data D:\PHP\yanjing\Runtime\Cache\Admin\bdf82f1201fbca4150e1defeddfa6302.php 第 496 行.
NOTIC: [8] Undefined variable: data D:\PHP\yanjing\Runtime\Cache\Admin\bdf82f1201fbca4150e1defeddfa6302.php 第 503 行.
NOTIC: [8] Undefined variable: data D:\PHP\yanjing\Runtime\Cache\Admin\bdf82f1201fbca4150e1defeddfa6302.php 第 511 行.
NOTIC: [8] Undefined variable: data D:\PHP\yanjing\Runtime\Cache\Admin\bdf82f1201fbca4150e1defeddfa6302.php 第 518 行.
NOTIC: [8] Undefined variable: data D:\PHP\yanjing\Runtime\Cache\Admin\bdf82f1201fbca4150e1defeddfa6302.php 第 546 行.
NOTIC: [8] Undefined variable: CONFIG D:\PHP\yanjing\Runtime\Cache\Admin\bdf82f1201fbca4150e1defeddfa6302.php 第 566 行.
NOTIC: [8] Undefined variable: data D:\PHP\yanjing\Runtime\Cache\Admin\bdf82f1201fbca4150e1defeddfa6302.php 第 637 行.
NOTIC: [8] Undefined variable: data D:\PHP\yanjing\Runtime\Cache\Admin\bdf82f1201fbca4150e1defeddfa6302.php 第 638 行.
NOTIC: [8] Undefined variable: data D:\PHP\yanjing\Runtime\Cache\Admin\bdf82f1201fbca4150e1defeddfa6302.php 第 639 行.
NOTIC: [8] Undefined variable: data D:\PHP\yanjing\Runtime\Cache\Admin\bdf82f1201fbca4150e1defeddfa6302.php 第 640 行.
NOTIC: [8] Undefined variable: data D:\PHP\yanjing\Runtime\Cache\Admin\bdf82f1201fbca4150e1defeddfa6302.php 第 641 行.
NOTIC: [8] Undefined variable: data D:\PHP\yanjing\Runtime\Cache\Admin\bdf82f1201fbca4150e1defeddfa6302.php 第 642 行.
NOTIC: [8] Undefined variable: data D:\PHP\yanjing\Runtime\Cache\Admin\bdf82f1201fbca4150e1defeddfa6302.php 第 647 行.
NOTIC: [8] Undefined variable: data D:\PHP\yanjing\Runtime\Cache\Admin\bdf82f1201fbca4150e1defeddfa6302.php 第 708 行.
INFO: Run Behavior\ParseTemplateBehavior [ RunTime:0.015734s ]
INFO: [ view_parse ] --END-- [ RunTime:0.015772s ]
INFO: [ view_filter ] --START--
INFO: Run Behavior\WriteHtmlCacheBehavior [ RunTime:0.000620s ]
INFO: [ view_filter ] --END-- [ RunTime:0.000651s ]
INFO: [ app_end ] --START--
INFO: Run Behavior\ShowPageTraceBehavior [ RunTime:0.000995s ]
INFO: [ app_end ] --END-- [ RunTime:0.001047s ]

[ 2018-03-18T17:15:43+08:00 ] 127.0.0.1 /Public/Home/js/e-smart-zoom-jquery.min.js
INFO: [ app_init ] --START--
INFO: Run Behavior\BuildLiteBehavior [ RunTime:0.000013s ]
INFO: [ app_init ] --END-- [ RunTime:0.000652s ]
INFO: [ app_begin ] --START--
INFO: Run Behavior\ReadHtmlCacheBehavior [ RunTime:0.001046s ]
INFO: [ app_begin ] --END-- [ RunTime:0.001108s ]
ERR: 非法操作:Home

[ 2018-03-18T19:52:55+08:00 ] 127.0.0.1 /
INFO: [ app_init ] --START--
INFO: Run Behavior\BuildLiteBehavior [ RunTime:0.000017s ]
INFO: [ app_init ] --END-- [ RunTime:0.005015s ]
INFO: [ app_begin ] --START--
INFO: Run Behavior\ReadHtmlCacheBehavior [ RunTime:0.004359s ]
INFO: [ app_begin ] --END-- [ RunTime:0.006483s ]
NOTIC: [8] A session had already been started - ignoring session_start() D:\PHP\yanjing\Application\Admin\Controller\AdminController.class.php 第 6 行.
NOTIC: [8] Undefined index:  D:\PHP\yanjing\Application\Admin\Controller\AdminController.class.php 第 30 行.
NOTIC: [8] Undefined index: authName D:\PHP\yanjing\Application\Admin\Controller\AdminController.class.php 第 31 行.
SQL: SHOW COLUMNS FROM `gls_menu` [ RunTime:0.0127s ]
SQL: SELECT * FROM `gls_menu` WHERE `status` = 1 AND `pid` = 0 ORDER BY sort  [ RunTime:0.0008s ]
SQL: SELECT * FROM `gls_menu` WHERE `status` = 1 AND `pid` = 1 ORDER BY sort  [ RunTime:0.0006s ]
INFO: [ view_parse ] --START--
INFO: [ template_filter ] --START--
INFO: Run Behavior\ContentReplaceBehavior [ RunTime:0.000380s ]
INFO: [ template_filter ] --END-- [ RunTime:0.000423s ]
NOTIC: [8] Undefined variable: CONFIG D:\PHP\yanjing\Runtime\Cache\Admin\085b574956cdc611cfedaace62cf4e64.php 第 7 行.
NOTIC: [8] Undefined variable: CONFIG D:\PHP\yanjing\Runtime\Cache\Admin\085b574956cdc611cfedaace62cf4e64.php 第 8 行.
NOTIC: [8] Undefined variable: CONFIG D:\PHP\yanjing\Runtime\Cache\Admin\085b574956cdc611cfedaace62cf4e64.php 第 9 行.
NOTIC: [8] Undefined variable: personal D:\PHP\yanjing\Runtime\Cache\Admin\085b574956cdc611cfedaace62cf4e64.php 第 204 行.
NOTIC: [8] Undefined variable: personal D:\PHP\yanjing\Runtime\Cache\Admin\085b574956cdc611cfedaace62cf4e64.php 第 204 行.
NOTIC: [8] Undefined variable: personal D:\PHP\yanjing\Runtime\Cache\Admin\085b574956cdc611cfedaace62cf4e64.php 第 205 行.
NOTIC: [8] Undefined variable: personal D:\PHP\yanjing\Runtime\Cache\Admin\085b574956cdc611cfedaace62cf4e64.php 第 210 行.
NOTIC: [8] Undefined variable: personal D:\PHP\yanjing\Runtime\Cache\Admin\085b574956cdc611cfedaace62cf4e64.php 第 211 行.
NOTIC: [8] Undefined variable: personal D:\PHP\yanjing\Runtime\Cache\Admin\085b574956cdc611cfedaace62cf4e64.php 第 216 行.
NOTIC: [8] Undefined variable: personal D:\PHP\yanjing\Runtime\Cache\Admin\085b574956cdc611cfedaace62cf4e64.php 第 239 行.
NOTIC: [8] Undefined variable: personal D:\PHP\yanjing\Runtime\Cache\Admin\085b574956cdc611cfedaace62cf4e64.php 第 239 行.
NOTIC: [8] Undefined variable: personal D:\PHP\yanjing\Runtime\Cache\Admin\085b574956cdc611cfedaace62cf4e64.php 第 240 行.
NOTIC: [8] Undefined variable: personal D:\PHP\yanjing\Runtime\Cache\Admin\085b574956cdc611cfedaace62cf4e64.php 第 248 行.
NOTIC: [8] Undefined variable: personal D:\PHP\yanjing\Runtime\Cache\Admin\085b574956cdc611cfedaace62cf4e64.php 第 248 行.
NOTIC: [8] Undefined variable: personal D:\PHP\yanjing\Runtime\Cache\Admin\085b574956cdc611cfedaace62cf4e64.php 第 249 行.
NOTIC: [8] Undefined variable: personal D:\PHP\yanjing\Runtime\Cache\Admin\085b574956cdc611cfedaace62cf4e64.php 第 253 行.
NOTIC: [8] Undefined variable: personal D:\PHP\yanjing\Runtime\Cache\Admin\085b574956cdc611cfedaace62cf4e64.php 第 254 行.
NOTIC: [8] Undefined variable: personal D:\PHP\yanjing\Runtime\Cache\Admin\085b574956cdc611cfedaace62cf4e64.php 第 260 行.
NOTIC: [8] Undefined variable: personal D:\PHP\yanjing\Runtime\Cache\Admin\085b574956cdc611cfedaace62cf4e64.php 第 260 行.
NOTIC: [8] Undefined variable: personal D:\PHP\yanjing\Runtime\Cache\Admin\085b574956cdc611cfedaace62cf4e64.php 第 261 行.
NOTIC: [8] Undefined variable: noReadNum D:\PHP\yanjing\Runtime\Cache\Admin\085b574956cdc611cfedaace62cf4e64.php 第 388 行.
NOTIC: [8] Undefined variable: CONFIG D:\PHP\yanjing\Runtime\Cache\Admin\085b574956cdc611cfedaace62cf4e64.php 第 588 行.
NOTIC: [8] Undefined variable: CONFIG D:\PHP\yanjing\Runtime\Cache\Admin\085b574956cdc611cfedaace62cf4e64.php 第 589 行.
NOTIC: [8] Undefined variable: CONFIG D:\PHP\yanjing\Runtime\Cache\Admin\085b574956cdc611cfedaace62cf4e64.php 第 590 行.
NOTIC: [8] Undefined variable: CONFIG D:\PHP\yanjing\Runtime\Cache\Admin\085b574956cdc611cfedaace62cf4e64.php 第 591 行.
NOTIC: [8] Undefined variable: CONFIG D:\PHP\yanjing\Runtime\Cache\Admin\085b574956cdc611cfedaace62cf4e64.php 第 592 行.
NOTIC: [8] Undefined variable: CONFIG D:\PHP\yanjing\Runtime\Cache\Admin\085b574956cdc611cfedaace62cf4e64.php 第 593 行.
NOTIC: [8] Undefined variable: CONFIG D:\PHP\yanjing\Runtime\Cache\Admin\085b574956cdc611cfedaace62cf4e64.php 第 594 行.
NOTIC: [8] Undefined variable: CONFIG D:\PHP\yanjing\Runtime\Cache\Admin\085b574956cdc611cfedaace62cf4e64.php 第 595 行.
NOTIC: [8] Undefined variable: CONFIG D:\PHP\yanjing\Runtime\Cache\Admin\085b574956cdc611cfedaace62cf4e64.php 第 596 行.
NOTIC: [8] Undefined variable: CONFIG D:\PHP\yanjing\Runtime\Cache\Admin\085b574956cdc611cfedaace62cf4e64.php 第 603 行.
INFO: Run Behavior\ParseTemplateBehavior [ RunTime:0.016713s ]
INFO: [ view_parse ] --END-- [ RunTime:0.016748s ]
INFO: [ view_filter ] --START--
INFO: Run Behavior\WriteHtmlCacheBehavior [ RunTime:0.000814s ]
INFO: [ view_filter ] --END-- [ RunTime:0.000856s ]
INFO: [ app_end ] --START--
INFO: Run Behavior\ShowPageTraceBehavior [ RunTime:0.001093s ]
INFO: [ app_end ] --END-- [ RunTime:0.001145s ]

[ 2018-03-18T19:52:55+08:00 ] 127.0.0.1 /index.php/Index/home.html
INFO: [ app_init ] --START--
INFO: Run Behavior\BuildLiteBehavior [ RunTime:0.000009s ]
INFO: [ app_init ] --END-- [ RunTime:0.000640s ]
INFO: [ app_begin ] --START--
INFO: Run Behavior\ReadHtmlCacheBehavior [ RunTime:0.000594s ]
INFO: [ app_begin ] --END-- [ RunTime:0.000634s ]
NOTIC: [8] A session had already been started - ignoring session_start() D:\PHP\yanjing\Application\Admin\Controller\AdminController.class.php 第 6 行.
NOTIC: [8] Undefined index:  D:\PHP\yanjing\Application\Admin\Controller\AdminController.class.php 第 30 行.
NOTIC: [8] Undefined index: authName D:\PHP\yanjing\Application\Admin\Controller\AdminController.class.php 第 31 行.
INFO: [ view_parse ] --START--
INFO: [ template_filter ] --START--
INFO: Run Behavior\ContentReplaceBehavior [ RunTime:0.000115s ]
INFO: [ template_filter ] --END-- [ RunTime:0.000165s ]
NOTIC: [8] Undefined variable: meta_title D:\PHP\yanjing\Runtime\Cache\Admin\9c5d20aa0e9b8893a9d043a77e86c28e.php 第 7 行.
NOTIC: [8] Undefined variable: CONFIG D:\PHP\yanjing\Runtime\Cache\Admin\9c5d20aa0e9b8893a9d043a77e86c28e.php 第 7 行.
NOTIC: [8] Undefined variable: CONFIG D:\PHP\yanjing\Runtime\Cache\Admin\9c5d20aa0e9b8893a9d043a77e86c28e.php 第 8 行.
NOTIC: [8] Undefined variable: CONFIG D:\PHP\yanjing\Runtime\Cache\Admin\9c5d20aa0e9b8893a9d043a77e86c28e.php 第 9 行.
INFO: Run Behavior\ParseTemplateBehavior [ RunTime:0.007548s ]
INFO: [ view_parse ] --END-- [ RunTime:0.007589s ]
INFO: [ view_filter ] --START--
INFO: Run Behavior\WriteHtmlCacheBehavior [ RunTime:0.000875s ]
INFO: [ view_filter ] --END-- [ RunTime:0.001023s ]
INFO: [ app_end ] --START--
INFO: Run Behavior\ShowPageTraceBehavior [ RunTime:0.001978s ]
INFO: [ app_end ] --END-- [ RunTime:0.002048s ]

