[ 2018-12-04T18:50:02+08:00 ] 127.0.0.1 /
INFO: [ app_init ] --START--
INFO: Run Behavior\BuildLiteBehavior [ RunTime:0.000011s ]
INFO: [ app_init ] --END-- [ RunTime:0.001499s ]
INFO: [ app_begin ] --START--
INFO: Run Behavior\ReadHtmlCacheBehavior [ RunTime:0.001300s ]
INFO: [ app_begin ] --END-- [ RunTime:0.001365s ]
NOTIC: [8] A session had already been started - ignoring session_start() D:\PHP\yanjing\Application\Admin\Controller\AdminController.class.php 第 6 行.
NOTIC: [8] Undefined index:  D:\PHP\yanjing\Application\Admin\Controller\AdminController.class.php 第 30 行.
NOTIC: [8] Undefined index: authName D:\PHP\yanjing\Application\Admin\Controller\AdminController.class.php 第 31 行.
SQL: SHOW COLUMNS FROM `gls_menu` [ RunTime:0.0139s ]
SQL: SELECT * FROM `gls_menu` WHERE `status` = 1 AND `pid` = 0 ORDER BY sort  [ RunTime:0.0017s ]
SQL: SELECT * FROM `gls_menu` WHERE `status` = 1 AND `pid` = 1 ORDER BY sort  [ RunTime:0.0004s ]
INFO: [ view_parse ] --START--
INFO: [ template_filter ] --START--
INFO: Run Behavior\ContentReplaceBehavior [ RunTime:0.000291s ]
INFO: [ template_filter ] --END-- [ RunTime:0.000338s ]
NOTIC: [8] Undefined variable: CONFIG D:\PHP\yanjing\Runtime\Cache\Admin\085b574956cdc611cfedaace62cf4e64.php 第 7 行.
NOTIC: [8] Undefined variable: CONFIG D:\PHP\yanjing\Runtime\Cache\Admin\085b574956cdc611cfedaace62cf4e64.php 第 8 行.
NOTIC: [8] Undefined variable: CONFIG D:\PHP\yanjing\Runtime\Cache\Admin\085b574956cdc611cfedaace62cf4e64.php 第 9 行.
NOTIC: [8] Undefined variable: personal D:\PHP\yanjing\Runtime\Cache\Admin\085b574956cdc611cfedaace62cf4e64.php 第 204 行.
NOTIC: [8] Undefined variable: personal D:\PHP\yanjing\Runtime\Cache\Admin\085b574956cdc611cfedaace62cf4e64.php 第 204 行.
NOTIC: [8] Undefined variable: personal D:\PHP\yanjing\Runtime\Cache\Admin\085b574956cdc611cfedaace62cf4e64.php 第 205 行.
NOTIC: [8] Undefined variable: personal D:\PHP\yanjing\Runtime\Cache\Admin\085b574956cdc611cfedaace62cf4e64.php 第 210 行.
NOTIC: [8] Undefined variable: personal D:\PHP\yanjing\Runtime\Cache\Admin\085b574956cdc611cfedaace62cf4e64.php 第 211 行.
NOTIC: [8] Undefined variable: personal D:\PHP\yanjing\Runtime\Cache\Admin\085b574956cdc611cfedaace62cf4e64.php 第 216 行.
NOTIC: [8] Undefined variable: personal D:\PHP\yanjing\Runtime\Cache\Admin\085b574956cdc611cfedaace62cf4e64.php 第 239 行.
NOTIC: [8] Undefined variable: personal D:\PHP\yanjing\Runtime\Cache\Admin\085b574956cdc611cfedaace62cf4e64.php 第 239 行.
NOTIC: [8] Undefined variable: personal D:\PHP\yanjing\Runtime\Cache\Admin\085b574956cdc611cfedaace62cf4e64.php 第 240 行.
NOTIC: [8] Undefined variable: personal D:\PHP\yanjing\Runtime\Cache\Admin\085b574956cdc611cfedaace62cf4e64.php 第 248 行.
NOTIC: [8] Undefined variable: personal D:\PHP\yanjing\Runtime\Cache\Admin\085b574956cdc611cfedaace62cf4e64.php 第 248 行.
NOTIC: [8] Undefined variable: personal D:\PHP\yanjing\Runtime\Cache\Admin\085b574956cdc611cfedaace62cf4e64.php 第 249 行.
NOTIC: [8] Undefined variable: personal D:\PHP\yanjing\Runtime\Cache\Admin\085b574956cdc611cfedaace62cf4e64.php 第 253 行.
NOTIC: [8] Undefined variable: personal D:\PHP\yanjing\Runtime\Cache\Admin\085b574956cdc611cfedaace62cf4e64.php 第 254 行.
NOTIC: [8] Undefined variable: personal D:\PHP\yanjing\Runtime\Cache\Admin\085b574956cdc611cfedaace62cf4e64.php 第 260 行.
NOTIC: [8] Undefined variable: personal D:\PHP\yanjing\Runtime\Cache\Admin\085b574956cdc611cfedaace62cf4e64.php 第 260 行.
NOTIC: [8] Undefined variable: personal D:\PHP\yanjing\Runtime\Cache\Admin\085b574956cdc611cfedaace62cf4e64.php 第 261 行.
NOTIC: [8] Undefined variable: noReadNum D:\PHP\yanjing\Runtime\Cache\Admin\085b574956cdc611cfedaace62cf4e64.php 第 388 行.
NOTIC: [8] Undefined variable: CONFIG D:\PHP\yanjing\Runtime\Cache\Admin\085b574956cdc611cfedaace62cf4e64.php 第 588 行.
NOTIC: [8] Undefined variable: CONFIG D:\PHP\yanjing\Runtime\Cache\Admin\085b574956cdc611cfedaace62cf4e64.php 第 589 行.
NOTIC: [8] Undefined variable: CONFIG D:\PHP\yanjing\Runtime\Cache\Admin\085b574956cdc611cfedaace62cf4e64.php 第 590 行.
NOTIC: [8] Undefined variable: CONFIG D:\PHP\yanjing\Runtime\Cache\Admin\085b574956cdc611cfedaace62cf4e64.php 第 591 行.
NOTIC: [8] Undefined variable: CONFIG D:\PHP\yanjing\Runtime\Cache\Admin\085b574956cdc611cfedaace62cf4e64.php 第 592 行.
NOTIC: [8] Undefined variable: CONFIG D:\PHP\yanjing\Runtime\Cache\Admin\085b574956cdc611cfedaace62cf4e64.php 第 593 行.
NOTIC: [8] Undefined variable: CONFIG D:\PHP\yanjing\Runtime\Cache\Admin\085b574956cdc611cfedaace62cf4e64.php 第 594 行.
NOTIC: [8] Undefined variable: CONFIG D:\PHP\yanjing\Runtime\Cache\Admin\085b574956cdc611cfedaace62cf4e64.php 第 595 行.
NOTIC: [8] Undefined variable: CONFIG D:\PHP\yanjing\Runtime\Cache\Admin\085b574956cdc611cfedaace62cf4e64.php 第 596 行.
NOTIC: [8] Undefined variable: CONFIG D:\PHP\yanjing\Runtime\Cache\Admin\085b574956cdc611cfedaace62cf4e64.php 第 603 行.
INFO: Run Behavior\ParseTemplateBehavior [ RunTime:0.032064s ]
INFO: [ view_parse ] --END-- [ RunTime:0.032116s ]
INFO: [ view_filter ] --START--
INFO: Run Behavior\WriteHtmlCacheBehavior [ RunTime:0.001272s ]
INFO: [ view_filter ] --END-- [ RunTime:0.001307s ]
INFO: [ app_end ] --START--
INFO: Run Behavior\ShowPageTraceBehavior [ RunTime:0.001555s ]
INFO: [ app_end ] --END-- [ RunTime:0.001624s ]

[ 2018-12-04T18:50:03+08:00 ] 127.0.0.1 /index.php/Index/home.html
INFO: [ app_init ] --START--
INFO: Run Behavior\BuildLiteBehavior [ RunTime:0.000015s ]
INFO: [ app_init ] --END-- [ RunTime:0.001055s ]
INFO: [ app_begin ] --START--
INFO: Run Behavior\ReadHtmlCacheBehavior [ RunTime:0.001202s ]
INFO: [ app_begin ] --END-- [ RunTime:0.001268s ]
NOTIC: [8] A session had already been started - ignoring session_start() D:\PHP\yanjing\Application\Admin\Controller\AdminController.class.php 第 6 行.
NOTIC: [8] Undefined index:  D:\PHP\yanjing\Application\Admin\Controller\AdminController.class.php 第 30 行.
NOTIC: [8] Undefined index: authName D:\PHP\yanjing\Application\Admin\Controller\AdminController.class.php 第 31 行.
INFO: [ view_parse ] --START--
INFO: [ template_filter ] --START--
INFO: Run Behavior\ContentReplaceBehavior [ RunTime:0.000204s ]
INFO: [ template_filter ] --END-- [ RunTime:0.000263s ]
NOTIC: [8] Undefined variable: meta_title D:\PHP\yanjing\Runtime\Cache\Admin\9c5d20aa0e9b8893a9d043a77e86c28e.php 第 7 行.
NOTIC: [8] Undefined variable: CONFIG D:\PHP\yanjing\Runtime\Cache\Admin\9c5d20aa0e9b8893a9d043a77e86c28e.php 第 7 行.
NOTIC: [8] Undefined variable: CONFIG D:\PHP\yanjing\Runtime\Cache\Admin\9c5d20aa0e9b8893a9d043a77e86c28e.php 第 8 行.
NOTIC: [8] Undefined variable: CONFIG D:\PHP\yanjing\Runtime\Cache\Admin\9c5d20aa0e9b8893a9d043a77e86c28e.php 第 9 行.
INFO: Run Behavior\ParseTemplateBehavior [ RunTime:0.010686s ]
INFO: [ view_parse ] --END-- [ RunTime:0.010730s ]
INFO: [ view_filter ] --START--
INFO: Run Behavior\WriteHtmlCacheBehavior [ RunTime:0.000810s ]
INFO: [ view_filter ] --END-- [ RunTime:0.000852s ]
INFO: [ app_end ] --START--
INFO: Run Behavior\ShowPageTraceBehavior [ RunTime:0.000931s ]
INFO: [ app_end ] --END-- [ RunTime:0.000965s ]

[ 2018-12-04T18:50:03+08:00 ] 127.0.0.1 /favicon.ico
INFO: [ app_init ] --START--
INFO: Run Behavior\BuildLiteBehavior [ RunTime:0.000010s ]
INFO: [ app_init ] --END-- [ RunTime:0.000616s ]

[ 2018-12-04T18:50:10+08:00 ] 127.0.0.1 /index.php/Lens/userLensAdd
INFO: [ app_init ] --START--
INFO: Run Behavior\BuildLiteBehavior [ RunTime:0.000011s ]
INFO: [ app_init ] --END-- [ RunTime:0.000742s ]
INFO: [ app_begin ] --START--
INFO: Run Behavior\ReadHtmlCacheBehavior [ RunTime:0.000904s ]
INFO: [ app_begin ] --END-- [ RunTime:0.000961s ]
NOTIC: [8] A session had already been started - ignoring session_start() D:\PHP\yanjing\Application\Admin\Controller\AdminController.class.php 第 6 行.
NOTIC: [8] Undefined index:  D:\PHP\yanjing\Application\Admin\Controller\AdminController.class.php 第 30 行.
NOTIC: [8] Undefined index: authName D:\PHP\yanjing\Application\Admin\Controller\AdminController.class.php 第 31 行.
SQL: SHOW COLUMNS FROM `gls_user` [ RunTime:0.0099s ]
SQL: SHOW COLUMNS FROM `gls_user_lens` [ RunTime:0.0156s ]
INFO: [ view_parse ] --START--
INFO: [ template_filter ] --START--
INFO: Run Behavior\ContentReplaceBehavior [ RunTime:0.000422s ]
INFO: [ template_filter ] --END-- [ RunTime:0.000459s ]
NOTIC: [8] Undefined variable: CONFIG D:\PHP\yanjing\Runtime\Cache\Admin\bdf82f1201fbca4150e1defeddfa6302.php 第 7 行.
NOTIC: [8] Undefined variable: CONFIG D:\PHP\yanjing\Runtime\Cache\Admin\bdf82f1201fbca4150e1defeddfa6302.php 第 8 行.
NOTIC: [8] Undefined variable: CONFIG D:\PHP\yanjing\Runtime\Cache\Admin\bdf82f1201fbca4150e1defeddfa6302.php 第 9 行.
NOTIC: [8] Undefined variable: list D:\PHP\yanjing\Runtime\Cache\Admin\bdf82f1201fbca4150e1defeddfa6302.php 第 244 行.
NOTIC: [8] Undefined variable: data D:\PHP\yanjing\Runtime\Cache\Admin\bdf82f1201fbca4150e1defeddfa6302.php 第 287 行.
NOTIC: [8] Undefined variable: data D:\PHP\yanjing\Runtime\Cache\Admin\bdf82f1201fbca4150e1defeddfa6302.php 第 294 行.
NOTIC: [8] Undefined variable: data D:\PHP\yanjing\Runtime\Cache\Admin\bdf82f1201fbca4150e1defeddfa6302.php 第 320 行.
NOTIC: [8] Undefined variable: data D:\PHP\yanjing\Runtime\Cache\Admin\bdf82f1201fbca4150e1defeddfa6302.php 第 327 行.
NOTIC: [8] Undefined variable: artist D:\PHP\yanjing\Runtime\Cache\Admin\bdf82f1201fbca4150e1defeddfa6302.php 第 341 行.
NOTIC: [8] Undefined variable: data D:\PHP\yanjing\Runtime\Cache\Admin\bdf82f1201fbca4150e1defeddfa6302.php 第 345 行.
NOTIC: [8] Undefined variable: artist D:\PHP\yanjing\Runtime\Cache\Admin\bdf82f1201fbca4150e1defeddfa6302.php 第 348 行.
NOTIC: [8] Undefined variable: data D:\PHP\yanjing\Runtime\Cache\Admin\bdf82f1201fbca4150e1defeddfa6302.php 第 379 行.
NOTIC: [8] Undefined variable: data D:\PHP\yanjing\Runtime\Cache\Admin\bdf82f1201fbca4150e1defeddfa6302.php 第 383 行.
NOTIC: [8] Undefined variable: artist D:\PHP\yanjing\Runtime\Cache\Admin\bdf82f1201fbca4150e1defeddfa6302.php 第 386 行.
NOTIC: [8] Undefined variable: data D:\PHP\yanjing\Runtime\Cache\Admin\bdf82f1201fbca4150e1defeddfa6302.php 第 396 行.
NOTIC: [8] Undefined variable: data D:\PHP\yanjing\Runtime\Cache\Admin\bdf82f1201fbca4150e1defeddfa6302.php 第 400 行.
NOTIC: [8] Undefined variable: artist D:\PHP\yanjing\Runtime\Cache\Admin\bdf82f1201fbca4150e1defeddfa6302.php 第 403 行.
NOTIC: [8] Undefined variable: data D:\PHP\yanjing\Runtime\Cache\Admin\bdf82f1201fbca4150e1defeddfa6302.php 第 412 行.
NOTIC: [8] Undefined variable: data D:\PHP\yanjing\Runtime\Cache\Admin\bdf82f1201fbca4150e1defeddfa6302.php 第 419 行.
NOTIC: [8] Undefined variable: data D:\PHP\yanjing\Runtime\Cache\Admin\bdf82f1201fbca4150e1defeddfa6302.php 第 426 行.
NOTIC: [8] Undefined variable: data D:\PHP\yanjing\Runtime\Cache\Admin\bdf82f1201fbca4150e1defeddfa6302.php 第 433 行.
NOTIC: [8] Undefined variable: data D:\PHP\yanjing\Runtime\Cache\Admin\bdf82f1201fbca4150e1defeddfa6302.php 第 440 行.
NOTIC: [8] Undefined variable: data D:\PHP\yanjing\Runtime\Cache\Admin\bdf82f1201fbca4150e1defeddfa6302.php 第 447 行.
NOTIC: [8] Undefined variable: data D:\PHP\yanjing\Runtime\Cache\Admin\bdf82f1201fbca4150e1defeddfa6302.php 第 454 行.
NOTIC: [8] Undefined variable: data D:\PHP\yanjing\Runtime\Cache\Admin\bdf82f1201fbca4150e1defeddfa6302.php 第 461 行.
NOTIC: [8] Undefined variable: data D:\PHP\yanjing\Runtime\Cache\Admin\bdf82f1201fbca4150e1defeddfa6302.php 第 468 行.
NOTIC: [8] Undefined variable: data D:\PHP\yanjing\Runtime\Cache\Admin\bdf82f1201fbca4150e1defeddfa6302.php 第 475 行.
NOTIC: [8] Undefined variable: data D:\PHP\yanjing\Runtime\Cache\Admin\bdf82f1201fbca4150e1defeddfa6302.php 第 482 行.
NOTIC: [8] Undefined variable: data D:\PHP\yanjing\Runtime\Cache\Admin\bdf82f1201fbca4150e1defeddfa6302.php 第 489 行.
NOTIC: [8] Undefined variable: data D:\PHP\yanjing\Runtime\Cache\Admin\bdf82f1201fbca4150e1defeddfa6302.php 第 496 行.
NOTIC: [8] Undefined variable: data D:\PHP\yanjing\Runtime\Cache\Admin\bdf82f1201fbca4150e1defeddfa6302.php 第 503 行.
NOTIC: [8] Undefined variable: data D:\PHP\yanjing\Runtime\Cache\Admin\bdf82f1201fbca4150e1defeddfa6302.php 第 511 行.
NOTIC: [8] Undefined variable: data D:\PHP\yanjing\Runtime\Cache\Admin\bdf82f1201fbca4150e1defeddfa6302.php 第 518 行.
NOTIC: [8] Undefined variable: data D:\PHP\yanjing\Runtime\Cache\Admin\bdf82f1201fbca4150e1defeddfa6302.php 第 546 行.
NOTIC: [8] Undefined variable: CONFIG D:\PHP\yanjing\Runtime\Cache\Admin\bdf82f1201fbca4150e1defeddfa6302.php 第 566 行.
NOTIC: [8] Undefined variable: data D:\PHP\yanjing\Runtime\Cache\Admin\bdf82f1201fbca4150e1defeddfa6302.php 第 637 行.
NOTIC: [8] Undefined variable: data D:\PHP\yanjing\Runtime\Cache\Admin\bdf82f1201fbca4150e1defeddfa6302.php 第 638 行.
NOTIC: [8] Undefined variable: data D:\PHP\yanjing\Runtime\Cache\Admin\bdf82f1201fbca4150e1defeddfa6302.php 第 639 行.
NOTIC: [8] Undefined variable: data D:\PHP\yanjing\Runtime\Cache\Admin\bdf82f1201fbca4150e1defeddfa6302.php 第 640 行.
NOTIC: [8] Undefined variable: data D:\PHP\yanjing\Runtime\Cache\Admin\bdf82f1201fbca4150e1defeddfa6302.php 第 641 行.
NOTIC: [8] Undefined variable: data D:\PHP\yanjing\Runtime\Cache\Admin\bdf82f1201fbca4150e1defeddfa6302.php 第 642 行.
NOTIC: [8] Undefined variable: data D:\PHP\yanjing\Runtime\Cache\Admin\bdf82f1201fbca4150e1defeddfa6302.php 第 647 行.
NOTIC: [8] Undefined variable: data D:\PHP\yanjing\Runtime\Cache\Admin\bdf82f1201fbca4150e1defeddfa6302.php 第 708 行.
INFO: Run Behavior\ParseTemplateBehavior [ RunTime:0.017602s ]
INFO: [ view_parse ] --END-- [ RunTime:0.017641s ]
INFO: [ view_filter ] --START--
INFO: Run Behavior\WriteHtmlCacheBehavior [ RunTime:0.000666s ]
INFO: [ view_filter ] --END-- [ RunTime:0.000694s ]
INFO: [ app_end ] --START--
INFO: Run Behavior\ShowPageTraceBehavior [ RunTime:0.001327s ]
INFO: [ app_end ] --END-- [ RunTime:0.001389s ]

[ 2018-12-04T18:50:10+08:00 ] 127.0.0.1 /Public/Home/js/e-smart-zoom-jquery.min.js
INFO: [ app_init ] --START--
INFO: Run Behavior\BuildLiteBehavior [ RunTime:0.000015s ]
INFO: [ app_init ] --END-- [ RunTime:0.000777s ]
INFO: [ app_begin ] --START--
INFO: Run Behavior\ReadHtmlCacheBehavior [ RunTime:0.000879s ]
INFO: [ app_begin ] --END-- [ RunTime:0.000930s ]
ERR: 非法操作:Home

[ 2018-12-04T18:51:51+08:00 ] 127.0.0.1 /index.php/Lens/userLensAdd
INFO: [ app_init ] --START--
INFO: Run Behavior\BuildLiteBehavior [ RunTime:0.000015s ]
INFO: [ app_init ] --END-- [ RunTime:0.000916s ]
INFO: [ app_begin ] --START--
INFO: Run Behavior\ReadHtmlCacheBehavior [ RunTime:0.000834s ]
INFO: [ app_begin ] --END-- [ RunTime:0.000892s ]
NOTIC: [8] A session had already been started - ignoring session_start() D:\PHP\yanjing\Application\Admin\Controller\AdminController.class.php 第 6 行.
NOTIC: [8] Undefined index:  D:\PHP\yanjing\Application\Admin\Controller\AdminController.class.php 第 30 行.
NOTIC: [8] Undefined index: authName D:\PHP\yanjing\Application\Admin\Controller\AdminController.class.php 第 31 行.
SQL: SHOW COLUMNS FROM `gls_user` [ RunTime:0.0107s ]
SQL: SHOW COLUMNS FROM `gls_user_lens` [ RunTime:0.0084s ]
INFO: [ view_parse ] --START--
INFO: [ template_filter ] --START--
INFO: Run Behavior\ContentReplaceBehavior [ RunTime:0.000408s ]
INFO: [ template_filter ] --END-- [ RunTime:0.000444s ]
NOTIC: [8] Undefined variable: CONFIG D:\PHP\yanjing\Runtime\Cache\Admin\bdf82f1201fbca4150e1defeddfa6302.php 第 7 行.
NOTIC: [8] Undefined variable: CONFIG D:\PHP\yanjing\Runtime\Cache\Admin\bdf82f1201fbca4150e1defeddfa6302.php 第 8 行.
NOTIC: [8] Undefined variable: CONFIG D:\PHP\yanjing\Runtime\Cache\Admin\bdf82f1201fbca4150e1defeddfa6302.php 第 9 行.
NOTIC: [8] Undefined variable: list D:\PHP\yanjing\Runtime\Cache\Admin\bdf82f1201fbca4150e1defeddfa6302.php 第 244 行.
NOTIC: [8] Undefined variable: data D:\PHP\yanjing\Runtime\Cache\Admin\bdf82f1201fbca4150e1defeddfa6302.php 第 287 行.
NOTIC: [8] Undefined variable: data D:\PHP\yanjing\Runtime\Cache\Admin\bdf82f1201fbca4150e1defeddfa6302.php 第 294 行.
NOTIC: [8] Undefined variable: data D:\PHP\yanjing\Runtime\Cache\Admin\bdf82f1201fbca4150e1defeddfa6302.php 第 320 行.
NOTIC: [8] Undefined variable: data D:\PHP\yanjing\Runtime\Cache\Admin\bdf82f1201fbca4150e1defeddfa6302.php 第 327 行.
NOTIC: [8] Undefined variable: artist D:\PHP\yanjing\Runtime\Cache\Admin\bdf82f1201fbca4150e1defeddfa6302.php 第 341 行.
NOTIC: [8] Undefined variable: data D:\PHP\yanjing\Runtime\Cache\Admin\bdf82f1201fbca4150e1defeddfa6302.php 第 345 行.
NOTIC: [8] Undefined variable: artist D:\PHP\yanjing\Runtime\Cache\Admin\bdf82f1201fbca4150e1defeddfa6302.php 第 348 行.
NOTIC: [8] Undefined variable: data D:\PHP\yanjing\Runtime\Cache\Admin\bdf82f1201fbca4150e1defeddfa6302.php 第 379 行.
NOTIC: [8] Undefined variable: data D:\PHP\yanjing\Runtime\Cache\Admin\bdf82f1201fbca4150e1defeddfa6302.php 第 383 行.
NOTIC: [8] Undefined variable: artist D:\PHP\yanjing\Runtime\Cache\Admin\bdf82f1201fbca4150e1defeddfa6302.php 第 386 行.
NOTIC: [8] Undefined variable: data D:\PHP\yanjing\Runtime\Cache\Admin\bdf82f1201fbca4150e1defeddfa6302.php 第 396 行.
NOTIC: [8] Undefined variable: data D:\PHP\yanjing\Runtime\Cache\Admin\bdf82f1201fbca4150e1defeddfa6302.php 第 400 行.
NOTIC: [8] Undefined variable: artist D:\PHP\yanjing\Runtime\Cache\Admin\bdf82f1201fbca4150e1defeddfa6302.php 第 403 行.
NOTIC: [8] Undefined variable: data D:\PHP\yanjing\Runtime\Cache\Admin\bdf82f1201fbca4150e1defeddfa6302.php 第 412 行.
NOTIC: [8] Undefined variable: data D:\PHP\yanjing\Runtime\Cache\Admin\bdf82f1201fbca4150e1defeddfa6302.php 第 419 行.
NOTIC: [8] Undefined variable: data D:\PHP\yanjing\Runtime\Cache\Admin\bdf82f1201fbca4150e1defeddfa6302.php 第 426 行.
NOTIC: [8] Undefined variable: data D:\PHP\yanjing\Runtime\Cache\Admin\bdf82f1201fbca4150e1defeddfa6302.php 第 433 行.
NOTIC: [8] Undefined variable: data D:\PHP\yanjing\Runtime\Cache\Admin\bdf82f1201fbca4150e1defeddfa6302.php 第 440 行.
NOTIC: [8] Undefined variable: data D:\PHP\yanjing\Runtime\Cache\Admin\bdf82f1201fbca4150e1defeddfa6302.php 第 447 行.
NOTIC: [8] Undefined variable: data D:\PHP\yanjing\Runtime\Cache\Admin\bdf82f1201fbca4150e1defeddfa6302.php 第 454 行.
NOTIC: [8] Undefined variable: data D:\PHP\yanjing\Runtime\Cache\Admin\bdf82f1201fbca4150e1defeddfa6302.php 第 461 行.
NOTIC: [8] Undefined variable: data D:\PHP\yanjing\Runtime\Cache\Admin\bdf82f1201fbca4150e1defeddfa6302.php 第 468 行.
NOTIC: [8] Undefined variable: data D:\PHP\yanjing\Runtime\Cache\Admin\bdf82f1201fbca4150e1defeddfa6302.php 第 475 行.
NOTIC: [8] Undefined variable: data D:\PHP\yanjing\Runtime\Cache\Admin\bdf82f1201fbca4150e1defeddfa6302.php 第 482 行.
NOTIC: [8] Undefined variable: data D:\PHP\yanjing\Runtime\Cache\Admin\bdf82f1201fbca4150e1defeddfa6302.php 第 489 行.
NOTIC: [8] Undefined variable: data D:\PHP\yanjing\Runtime\Cache\Admin\bdf82f1201fbca4150e1defeddfa6302.php 第 496 行.
NOTIC: [8] Undefined variable: data D:\PHP\yanjing\Runtime\Cache\Admin\bdf82f1201fbca4150e1defeddfa6302.php 第 503 行.
NOTIC: [8] Undefined variable: data D:\PHP\yanjing\Runtime\Cache\Admin\bdf82f1201fbca4150e1defeddfa6302.php 第 511 行.
NOTIC: [8] Undefined variable: data D:\PHP\yanjing\Runtime\Cache\Admin\bdf82f1201fbca4150e1defeddfa6302.php 第 518 行.
NOTIC: [8] Undefined variable: data D:\PHP\yanjing\Runtime\Cache\Admin\bdf82f1201fbca4150e1defeddfa6302.php 第 546 行.
NOTIC: [8] Undefined variable: CONFIG D:\PHP\yanjing\Runtime\Cache\Admin\bdf82f1201fbca4150e1defeddfa6302.php 第 566 行.
NOTIC: [8] Undefined variable: data D:\PHP\yanjing\Runtime\Cache\Admin\bdf82f1201fbca4150e1defeddfa6302.php 第 637 行.
NOTIC: [8] Undefined variable: data D:\PHP\yanjing\Runtime\Cache\Admin\bdf82f1201fbca4150e1defeddfa6302.php 第 638 行.
NOTIC: [8] Undefined variable: data D:\PHP\yanjing\Runtime\Cache\Admin\bdf82f1201fbca4150e1defeddfa6302.php 第 639 行.
NOTIC: [8] Undefined variable: data D:\PHP\yanjing\Runtime\Cache\Admin\bdf82f1201fbca4150e1defeddfa6302.php 第 640 行.
NOTIC: [8] Undefined variable: data D:\PHP\yanjing\Runtime\Cache\Admin\bdf82f1201fbca4150e1defeddfa6302.php 第 641 行.
NOTIC: [8] Undefined variable: data D:\PHP\yanjing\Runtime\Cache\Admin\bdf82f1201fbca4150e1defeddfa6302.php 第 642 行.
NOTIC: [8] Undefined variable: data D:\PHP\yanjing\Runtime\Cache\Admin\bdf82f1201fbca4150e1defeddfa6302.php 第 647 行.
NOTIC: [8] Undefined variable: data D:\PHP\yanjing\Runtime\Cache\Admin\bdf82f1201fbca4150e1defeddfa6302.php 第 708 行.
INFO: Run Behavior\ParseTemplateBehavior [ RunTime:0.015214s ]
INFO: [ view_parse ] --END-- [ RunTime:0.015250s ]
INFO: [ view_filter ] --START--
INFO: Run Behavior\WriteHtmlCacheBehavior [ RunTime:0.000670s ]
INFO: [ view_filter ] --END-- [ RunTime:0.000699s ]
INFO: [ app_end ] --START--
INFO: Run Behavior\ShowPageTraceBehavior [ RunTime:0.001046s ]
INFO: [ app_end ] --END-- [ RunTime:0.001100s ]

[ 2018-12-04T18:51:51+08:00 ] 127.0.0.1 /Public/Home/js/e-smart-zoom-jquery.min.js
INFO: [ app_init ] --START--
INFO: Run Behavior\BuildLiteBehavior [ RunTime:0.000009s ]
INFO: [ app_init ] --END-- [ RunTime:0.000626s ]
INFO: [ app_begin ] --START--
INFO: Run Behavior\ReadHtmlCacheBehavior [ RunTime:0.001532s ]
INFO: [ app_begin ] --END-- [ RunTime:0.001596s ]
ERR: 非法操作:Home

[ 2018-12-04T18:53:46+08:00 ] 127.0.0.1 /
INFO: [ app_init ] --START--
INFO: Run Behavior\BuildLiteBehavior [ RunTime:0.000011s ]
INFO: [ app_init ] --END-- [ RunTime:0.000724s ]
INFO: [ app_begin ] --START--
INFO: Run Behavior\ReadHtmlCacheBehavior [ RunTime:0.000869s ]
INFO: [ app_begin ] --END-- [ RunTime:0.000923s ]
NOTIC: [8] A session had already been started - ignoring session_start() D:\PHP\yanjing\Application\Admin\Controller\AdminController.class.php 第 6 行.
NOTIC: [8] Undefined index:  D:\PHP\yanjing\Application\Admin\Controller\AdminController.class.php 第 30 行.
NOTIC: [8] Undefined index: authName D:\PHP\yanjing\Application\Admin\Controller\AdminController.class.php 第 31 行.
SQL: SHOW COLUMNS FROM `gls_menu` [ RunTime:0.0083s ]
SQL: SELECT * FROM `gls_menu` WHERE `status` = 1 AND `pid` = 0 ORDER BY sort  [ RunTime:0.0005s ]
SQL: SELECT * FROM `gls_menu` WHERE `status` = 1 AND `pid` = 1 ORDER BY sort  [ RunTime:0.0005s ]
INFO: [ view_parse ] --START--
INFO: [ template_filter ] --START--
INFO: Run Behavior\ContentReplaceBehavior [ RunTime:0.000513s ]
INFO: [ template_filter ] --END-- [ RunTime:0.000574s ]
NOTIC: [8] Undefined variable: CONFIG D:\PHP\yanjing\Runtime\Cache\Admin\085b574956cdc611cfedaace62cf4e64.php 第 7 行.
NOTIC: [8] Undefined variable: CONFIG D:\PHP\yanjing\Runtime\Cache\Admin\085b574956cdc611cfedaace62cf4e64.php 第 8 行.
NOTIC: [8] Undefined variable: CONFIG D:\PHP\yanjing\Runtime\Cache\Admin\085b574956cdc611cfedaace62cf4e64.php 第 9 行.
NOTIC: [8] Undefined variable: personal D:\PHP\yanjing\Runtime\Cache\Admin\085b574956cdc611cfedaace62cf4e64.php 第 204 行.
NOTIC: [8] Undefined variable: personal D:\PHP\yanjing\Runtime\Cache\Admin\085b574956cdc611cfedaace62cf4e64.php 第 204 行.
NOTIC: [8] Undefined variable: personal D:\PHP\yanjing\Runtime\Cache\Admin\085b574956cdc611cfedaace62cf4e64.php 第 205 行.
NOTIC: [8] Undefined variable: personal D:\PHP\yanjing\Runtime\Cache\Admin\085b574956cdc611cfedaace62cf4e64.php 第 210 行.
NOTIC: [8] Undefined variable: personal D:\PHP\yanjing\Runtime\Cache\Admin\085b574956cdc611cfedaace62cf4e64.php 第 211 行.
NOTIC: [8] Undefined variable: personal D:\PHP\yanjing\Runtime\Cache\Admin\085b574956cdc611cfedaace62cf4e64.php 第 216 行.
NOTIC: [8] Undefined variable: personal D:\PHP\yanjing\Runtime\Cache\Admin\085b574956cdc611cfedaace62cf4e64.php 第 239 行.
NOTIC: [8] Undefined variable: personal D:\PHP\yanjing\Runtime\Cache\Admin\085b574956cdc611cfedaace62cf4e64.php 第 239 行.
NOTIC: [8] Undefined variable: personal D:\PHP\yanjing\Runtime\Cache\Admin\085b574956cdc611cfedaace62cf4e64.php 第 240 行.
NOTIC: [8] Undefined variable: personal D:\PHP\yanjing\Runtime\Cache\Admin\085b574956cdc611cfedaace62cf4e64.php 第 248 行.
NOTIC: [8] Undefined variable: personal D:\PHP\yanjing\Runtime\Cache\Admin\085b574956cdc611cfedaace62cf4e64.php 第 248 行.
NOTIC: [8] Undefined variable: personal D:\PHP\yanjing\Runtime\Cache\Admin\085b574956cdc611cfedaace62cf4e64.php 第 249 行.
NOTIC: [8] Undefined variable: personal D:\PHP\yanjing\Runtime\Cache\Admin\085b574956cdc611cfedaace62cf4e64.php 第 253 行.
NOTIC: [8] Undefined variable: personal D:\PHP\yanjing\Runtime\Cache\Admin\085b574956cdc611cfedaace62cf4e64.php 第 254 行.
NOTIC: [8] Undefined variable: personal D:\PHP\yanjing\Runtime\Cache\Admin\085b574956cdc611cfedaace62cf4e64.php 第 260 行.
NOTIC: [8] Undefined variable: personal D:\PHP\yanjing\Runtime\Cache\Admin\085b574956cdc611cfedaace62cf4e64.php 第 260 行.
NOTIC: [8] Undefined variable: personal D:\PHP\yanjing\Runtime\Cache\Admin\085b574956cdc611cfedaace62cf4e64.php 第 261 行.
NOTIC: [8] Undefined variable: noReadNum D:\PHP\yanjing\Runtime\Cache\Admin\085b574956cdc611cfedaace62cf4e64.php 第 388 行.
NOTIC: [8] Undefined variable: CONFIG D:\PHP\yanjing\Runtime\Cache\Admin\085b574956cdc611cfedaace62cf4e64.php 第 588 行.
NOTIC: [8] Undefined variable: CONFIG D:\PHP\yanjing\Runtime\Cache\Admin\085b574956cdc611cfedaace62cf4e64.php 第 589 行.
NOTIC: [8] Undefined variable: CONFIG D:\PHP\yanjing\Runtime\Cache\Admin\085b574956cdc611cfedaace62cf4e64.php 第 590 行.
NOTIC: [8] Undefined variable: CONFIG D:\PHP\yanjing\Runtime\Cache\Admin\085b574956cdc611cfedaace62cf4e64.php 第 591 行.
NOTIC: [8] Undefined variable: CONFIG D:\PHP\yanjing\Runtime\Cache\Admin\085b574956cdc611cfedaace62cf4e64.php 第 592 行.
NOTIC: [8] Undefined variable: CONFIG D:\PHP\yanjing\Runtime\Cache\Admin\085b574956cdc611cfedaace62cf4e64.php 第 593 行.
NOTIC: [8] Undefined variable: CONFIG D:\PHP\yanjing\Runtime\Cache\Admin\085b574956cdc611cfedaace62cf4e64.php 第 594 行.
NOTIC: [8] Undefined variable: CONFIG D:\PHP\yanjing\Runtime\Cache\Admin\085b574956cdc611cfedaace62cf4e64.php 第 595 行.
NOTIC: [8] Undefined variable: CONFIG D:\PHP\yanjing\Runtime\Cache\Admin\085b574956cdc611cfedaace62cf4e64.php 第 596 行.
NOTIC: [8] Undefined variable: CONFIG D:\PHP\yanjing\Runtime\Cache\Admin\085b574956cdc611cfedaace62cf4e64.php 第 603 行.
INFO: Run Behavior\ParseTemplateBehavior [ RunTime:0.024866s ]
INFO: [ view_parse ] --END-- [ RunTime:0.024915s ]
INFO: [ view_filter ] --START--
INFO: Run Behavior\WriteHtmlCacheBehavior [ RunTime:0.001006s ]
INFO: [ view_filter ] --END-- [ RunTime:0.001055s ]
INFO: [ app_end ] --START--
INFO: Run Behavior\ShowPageTraceBehavior [ RunTime:0.001636s ]
INFO: [ app_end ] --END-- [ RunTime:0.001699s ]

[ 2018-12-04T18:53:47+08:00 ] 127.0.0.1 /index.php/Index/home.html
INFO: [ app_init ] --START--
INFO: Run Behavior\BuildLiteBehavior [ RunTime:0.000010s ]
INFO: [ app_init ] --END-- [ RunTime:0.000654s ]
INFO: [ app_begin ] --START--
INFO: Run Behavior\ReadHtmlCacheBehavior [ RunTime:0.001193s ]
INFO: [ app_begin ] --END-- [ RunTime:0.001270s ]
NOTIC: [8] A session had already been started - ignoring session_start() D:\PHP\yanjing\Application\Admin\Controller\AdminController.class.php 第 6 行.
NOTIC: [8] Undefined index:  D:\PHP\yanjing\Application\Admin\Controller\AdminController.class.php 第 30 行.
NOTIC: [8] Undefined index: authName D:\PHP\yanjing\Application\Admin\Controller\AdminController.class.php 第 31 行.
INFO: [ view_parse ] --START--
INFO: [ template_filter ] --START--
INFO: Run Behavior\ContentReplaceBehavior [ RunTime:0.000107s ]
INFO: [ template_filter ] --END-- [ RunTime:0.000162s ]
NOTIC: [8] Undefined variable: meta_title D:\PHP\yanjing\Runtime\Cache\Admin\9c5d20aa0e9b8893a9d043a77e86c28e.php 第 7 行.
NOTIC: [8] Undefined variable: CONFIG D:\PHP\yanjing\Runtime\Cache\Admin\9c5d20aa0e9b8893a9d043a77e86c28e.php 第 7 行.
NOTIC: [8] Undefined variable: CONFIG D:\PHP\yanjing\Runtime\Cache\Admin\9c5d20aa0e9b8893a9d043a77e86c28e.php 第 8 行.
NOTIC: [8] Undefined variable: CONFIG D:\PHP\yanjing\Runtime\Cache\Admin\9c5d20aa0e9b8893a9d043a77e86c28e.php 第 9 行.
INFO: Run Behavior\ParseTemplateBehavior [ RunTime:0.010318s ]
INFO: [ view_parse ] --END-- [ RunTime:0.010372s ]
INFO: [ view_filter ] --START--
INFO: Run Behavior\WriteHtmlCacheBehavior [ RunTime:0.001497s ]
INFO: [ view_filter ] --END-- [ RunTime:0.001589s ]
INFO: [ app_end ] --START--
INFO: Run Behavior\ShowPageTraceBehavior [ RunTime:0.000958s ]
INFO: [ app_end ] --END-- [ RunTime:0.001002s ]

[ 2018-12-04T18:53:49+08:00 ] 127.0.0.1 /index.php/Lens/userLensAdd
INFO: [ app_init ] --START--
INFO: Run Behavior\BuildLiteBehavior [ RunTime:0.000016s ]
INFO: [ app_init ] --END-- [ RunTime:0.000940s ]
INFO: [ app_begin ] --START--
INFO: Run Behavior\ReadHtmlCacheBehavior [ RunTime:0.000951s ]
INFO: [ app_begin ] --END-- [ RunTime:0.001019s ]
NOTIC: [8] A session had already been started - ignoring session_start() D:\PHP\yanjing\Application\Admin\Controller\AdminController.class.php 第 6 行.
NOTIC: [8] Undefined index:  D:\PHP\yanjing\Application\Admin\Controller\AdminController.class.php 第 30 行.
NOTIC: [8] Undefined index: authName D:\PHP\yanjing\Application\Admin\Controller\AdminController.class.php 第 31 行.
SQL: SHOW COLUMNS FROM `gls_user` [ RunTime:0.0127s ]
SQL: SHOW COLUMNS FROM `gls_user_lens` [ RunTime:0.0093s ]
INFO: [ view_parse ] --START--
INFO: [ template_filter ] --START--
INFO: Run Behavior\ContentReplaceBehavior [ RunTime:0.000476s ]
INFO: [ template_filter ] --END-- [ RunTime:0.000533s ]
NOTIC: [8] Undefined variable: CONFIG D:\PHP\yanjing\Runtime\Cache\Admin\bdf82f1201fbca4150e1defeddfa6302.php 第 7 行.
NOTIC: [8] Undefined variable: CONFIG D:\PHP\yanjing\Runtime\Cache\Admin\bdf82f1201fbca4150e1defeddfa6302.php 第 8 行.
NOTIC: [8] Undefined variable: CONFIG D:\PHP\yanjing\Runtime\Cache\Admin\bdf82f1201fbca4150e1defeddfa6302.php 第 9 行.
NOTIC: [8] Undefined variable: list D:\PHP\yanjing\Runtime\Cache\Admin\bdf82f1201fbca4150e1defeddfa6302.php 第 244 行.
NOTIC: [8] Undefined variable: data D:\PHP\yanjing\Runtime\Cache\Admin\bdf82f1201fbca4150e1defeddfa6302.php 第 287 行.
NOTIC: [8] Undefined variable: data D:\PHP\yanjing\Runtime\Cache\Admin\bdf82f1201fbca4150e1defeddfa6302.php 第 294 行.
NOTIC: [8] Undefined variable: data D:\PHP\yanjing\Runtime\Cache\Admin\bdf82f1201fbca4150e1defeddfa6302.php 第 320 行.
NOTIC: [8] Undefined variable: data D:\PHP\yanjing\Runtime\Cache\Admin\bdf82f1201fbca4150e1defeddfa6302.php 第 327 行.
NOTIC: [8] Undefined variable: artist D:\PHP\yanjing\Runtime\Cache\Admin\bdf82f1201fbca4150e1defeddfa6302.php 第 341 行.
NOTIC: [8] Undefined variable: data D:\PHP\yanjing\Runtime\Cache\Admin\bdf82f1201fbca4150e1defeddfa6302.php 第 345 行.
NOTIC: [8] Undefined variable: artist D:\PHP\yanjing\Runtime\Cache\Admin\bdf82f1201fbca4150e1defeddfa6302.php 第 348 行.
NOTIC: [8] Undefined variable: data D:\PHP\yanjing\Runtime\Cache\Admin\bdf82f1201fbca4150e1defeddfa6302.php 第 379 行.
NOTIC: [8] Undefined variable: data D:\PHP\yanjing\Runtime\Cache\Admin\bdf82f1201fbca4150e1defeddfa6302.php 第 383 行.
NOTIC: [8] Undefined variable: artist D:\PHP\yanjing\Runtime\Cache\Admin\bdf82f1201fbca4150e1defeddfa6302.php 第 386 行.
NOTIC: [8] Undefined variable: data D:\PHP\yanjing\Runtime\Cache\Admin\bdf82f1201fbca4150e1defeddfa6302.php 第 396 行.
NOTIC: [8] Undefined variable: data D:\PHP\yanjing\Runtime\Cache\Admin\bdf82f1201fbca4150e1defeddfa6302.php 第 400 行.
NOTIC: [8] Undefined variable: artist D:\PHP\yanjing\Runtime\Cache\Admin\bdf82f1201fbca4150e1defeddfa6302.php 第 403 行.
NOTIC: [8] Undefined variable: data D:\PHP\yanjing\Runtime\Cache\Admin\bdf82f1201fbca4150e1defeddfa6302.php 第 412 行.
NOTIC: [8] Undefined variable: data D:\PHP\yanjing\Runtime\Cache\Admin\bdf82f1201fbca4150e1defeddfa6302.php 第 419 行.
NOTIC: [8] Undefined variable: data D:\PHP\yanjing\Runtime\Cache\Admin\bdf82f1201fbca4150e1defeddfa6302.php 第 426 行.
NOTIC: [8] Undefined variable: data D:\PHP\yanjing\Runtime\Cache\Admin\bdf82f1201fbca4150e1defeddfa6302.php 第 433 行.
NOTIC: [8] Undefined variable: data D:\PHP\yanjing\Runtime\Cache\Admin\bdf82f1201fbca4150e1defeddfa6302.php 第 440 行.
NOTIC: [8] Undefined variable: data D:\PHP\yanjing\Runtime\Cache\Admin\bdf82f1201fbca4150e1defeddfa6302.php 第 447 行.
NOTIC: [8] Undefined variable: data D:\PHP\yanjing\Runtime\Cache\Admin\bdf82f1201fbca4150e1defeddfa6302.php 第 454 行.
NOTIC: [8] Undefined variable: data D:\PHP\yanjing\Runtime\Cache\Admin\bdf82f1201fbca4150e1defeddfa6302.php 第 461 行.
NOTIC: [8] Undefined variable: data D:\PHP\yanjing\Runtime\Cache\Admin\bdf82f1201fbca4150e1defeddfa6302.php 第 468 行.
NOTIC: [8] Undefined variable: data D:\PHP\yanjing\Runtime\Cache\Admin\bdf82f1201fbca4150e1defeddfa6302.php 第 475 行.
NOTIC: [8] Undefined variable: data D:\PHP\yanjing\Runtime\Cache\Admin\bdf82f1201fbca4150e1defeddfa6302.php 第 482 行.
NOTIC: [8] Undefined variable: data D:\PHP\yanjing\Runtime\Cache\Admin\bdf82f1201fbca4150e1defeddfa6302.php 第 489 行.
NOTIC: [8] Undefined variable: data D:\PHP\yanjing\Runtime\Cache\Admin\bdf82f1201fbca4150e1defeddfa6302.php 第 496 行.
NOTIC: [8] Undefined variable: data D:\PHP\yanjing\Runtime\Cache\Admin\bdf82f1201fbca4150e1defeddfa6302.php 第 503 行.
NOTIC: [8] Undefined variable: data D:\PHP\yanjing\Runtime\Cache\Admin\bdf82f1201fbca4150e1defeddfa6302.php 第 511 行.
NOTIC: [8] Undefined variable: data D:\PHP\yanjing\Runtime\Cache\Admin\bdf82f1201fbca4150e1defeddfa6302.php 第 518 行.
NOTIC: [8] Undefined variable: data D:\PHP\yanjing\Runtime\Cache\Admin\bdf82f1201fbca4150e1defeddfa6302.php 第 546 行.
NOTIC: [8] Undefined variable: CONFIG D:\PHP\yanjing\Runtime\Cache\Admin\bdf82f1201fbca4150e1defeddfa6302.php 第 566 行.
NOTIC: [8] Undefined variable: data D:\PHP\yanjing\Runtime\Cache\Admin\bdf82f1201fbca4150e1defeddfa6302.php 第 637 行.
NOTIC: [8] Undefined variable: data D:\PHP\yanjing\Runtime\Cache\Admin\bdf82f1201fbca4150e1defeddfa6302.php 第 638 行.
NOTIC: [8] Undefined variable: data D:\PHP\yanjing\Runtime\Cache\Admin\bdf82f1201fbca4150e1defeddfa6302.php 第 639 行.
NOTIC: [8] Undefined variable: data D:\PHP\yanjing\Runtime\Cache\Admin\bdf82f1201fbca4150e1defeddfa6302.php 第 640 行.
NOTIC: [8] Undefined variable: data D:\PHP\yanjing\Runtime\Cache\Admin\bdf82f1201fbca4150e1defeddfa6302.php 第 641 行.
NOTIC: [8] Undefined variable: data D:\PHP\yanjing\Runtime\Cache\Admin\bdf82f1201fbca4150e1defeddfa6302.php 第 642 行.
NOTIC: [8] Undefined variable: data D:\PHP\yanjing\Runtime\Cache\Admin\bdf82f1201fbca4150e1defeddfa6302.php 第 647 行.
NOTIC: [8] Undefined variable: data D:\PHP\yanjing\Runtime\Cache\Admin\bdf82f1201fbca4150e1defeddfa6302.php 第 708 行.
INFO: Run Behavior\ParseTemplateBehavior [ RunTime:0.021097s ]
INFO: [ view_parse ] --END-- [ RunTime:0.021132s ]
INFO: [ view_filter ] --START--
INFO: Run Behavior\WriteHtmlCacheBehavior [ RunTime:0.000647s ]
INFO: [ view_filter ] --END-- [ RunTime:0.000679s ]
INFO: [ app_end ] --START--
INFO: Run Behavior\ShowPageTraceBehavior [ RunTime:0.001311s ]
INFO: [ app_end ] --END-- [ RunTime:0.001380s ]

[ 2018-12-04T18:53:49+08:00 ] 127.0.0.1 /Public/Home/js/e-smart-zoom-jquery.min.js
INFO: [ app_init ] --START--
INFO: Run Behavior\BuildLiteBehavior [ RunTime:0.000016s ]
INFO: [ app_init ] --END-- [ RunTime:0.001010s ]
INFO: [ app_begin ] --START--
INFO: Run Behavior\ReadHtmlCacheBehavior [ RunTime:0.001804s ]
INFO: [ app_begin ] --END-- [ RunTime:0.001885s ]
ERR: 非法操作:Home

[ 2018-12-04T18:54:46+08:00 ] 127.0.0.1 /
INFO: [ app_init ] --START--
INFO: Run Behavior\BuildLiteBehavior [ RunTime:0.000011s ]
INFO: [ app_init ] --END-- [ RunTime:0.000679s ]
INFO: [ app_begin ] --START--
INFO: Run Behavior\ReadHtmlCacheBehavior [ RunTime:0.000874s ]
INFO: [ app_begin ] --END-- [ RunTime:0.000936s ]
NOTIC: [8] A session had already been started - ignoring session_start() D:\PHP\yanjing\Application\Admin\Controller\AdminController.class.php 第 6 行.
NOTIC: [8] Undefined index:  D:\PHP\yanjing\Application\Admin\Controller\AdminController.class.php 第 30 行.
NOTIC: [8] Undefined index: authName D:\PHP\yanjing\Application\Admin\Controller\AdminController.class.php 第 31 行.
SQL: SHOW COLUMNS FROM `gls_menu` [ RunTime:0.0105s ]
SQL: SELECT * FROM `gls_menu` WHERE `status` = 1 AND `pid` = 0 ORDER BY sort  [ RunTime:0.0004s ]
SQL: SELECT * FROM `gls_menu` WHERE `status` = 1 AND `pid` = 1 ORDER BY sort  [ RunTime:0.0004s ]
INFO: [ view_parse ] --START--
INFO: [ template_filter ] --START--
INFO: Run Behavior\ContentReplaceBehavior [ RunTime:0.000287s ]
INFO: [ template_filter ] --END-- [ RunTime:0.000334s ]
NOTIC: [8] Undefined variable: CONFIG D:\PHP\yanjing\Runtime\Cache\Admin\085b574956cdc611cfedaace62cf4e64.php 第 7 行.
NOTIC: [8] Undefined variable: CONFIG D:\PHP\yanjing\Runtime\Cache\Admin\085b574956cdc611cfedaace62cf4e64.php 第 8 行.
NOTIC: [8] Undefined variable: CONFIG D:\PHP\yanjing\Runtime\Cache\Admin\085b574956cdc611cfedaace62cf4e64.php 第 9 行.
NOTIC: [8] Undefined variable: personal D:\PHP\yanjing\Runtime\Cache\Admin\085b574956cdc611cfedaace62cf4e64.php 第 204 行.
NOTIC: [8] Undefined variable: personal D:\PHP\yanjing\Runtime\Cache\Admin\085b574956cdc611cfedaace62cf4e64.php 第 204 行.
NOTIC: [8] Undefined variable: personal D:\PHP\yanjing\Runtime\Cache\Admin\085b574956cdc611cfedaace62cf4e64.php 第 205 行.
NOTIC: [8] Undefined variable: personal D:\PHP\yanjing\Runtime\Cache\Admin\085b574956cdc611cfedaace62cf4e64.php 第 210 行.
NOTIC: [8] Undefined variable: personal D:\PHP\yanjing\Runtime\Cache\Admin\085b574956cdc611cfedaace62cf4e64.php 第 211 行.
NOTIC: [8] Undefined variable: personal D:\PHP\yanjing\Runtime\Cache\Admin\085b574956cdc611cfedaace62cf4e64.php 第 216 行.
NOTIC: [8] Undefined variable: personal D:\PHP\yanjing\Runtime\Cache\Admin\085b574956cdc611cfedaace62cf4e64.php 第 239 行.
NOTIC: [8] Undefined variable: personal D:\PHP\yanjing\Runtime\Cache\Admin\085b574956cdc611cfedaace62cf4e64.php 第 239 行.
NOTIC: [8] Undefined variable: personal D:\PHP\yanjing\Runtime\Cache\Admin\085b574956cdc611cfedaace62cf4e64.php 第 240 行.
NOTIC: [8] Undefined variable: personal D:\PHP\yanjing\Runtime\Cache\Admin\085b574956cdc611cfedaace62cf4e64.php 第 248 行.
NOTIC: [8] Undefined variable: personal D:\PHP\yanjing\Runtime\Cache\Admin\085b574956cdc611cfedaace62cf4e64.php 第 248 行.
NOTIC: [8] Undefined variable: personal D:\PHP\yanjing\Runtime\Cache\Admin\085b574956cdc611cfedaace62cf4e64.php 第 249 行.
NOTIC: [8] Undefined variable: personal D:\PHP\yanjing\Runtime\Cache\Admin\085b574956cdc611cfedaace62cf4e64.php 第 253 行.
NOTIC: [8] Undefined variable: personal D:\PHP\yanjing\Runtime\Cache\Admin\085b574956cdc611cfedaace62cf4e64.php 第 254 行.
NOTIC: [8] Undefined variable: personal D:\PHP\yanjing\Runtime\Cache\Admin\085b574956cdc611cfedaace62cf4e64.php 第 260 行.
NOTIC: [8] Undefined variable: personal D:\PHP\yanjing\Runtime\Cache\Admin\085b574956cdc611cfedaace62cf4e64.php 第 260 行.
NOTIC: [8] Undefined variable: personal D:\PHP\yanjing\Runtime\Cache\Admin\085b574956cdc611cfedaace62cf4e64.php 第 261 行.
NOTIC: [8] Undefined variable: noReadNum D:\PHP\yanjing\Runtime\Cache\Admin\085b574956cdc611cfedaace62cf4e64.php 第 388 行.
NOTIC: [8] Undefined variable: CONFIG D:\PHP\yanjing\Runtime\Cache\Admin\085b574956cdc611cfedaace62cf4e64.php 第 588 行.
NOTIC: [8] Undefined variable: CONFIG D:\PHP\yanjing\Runtime\Cache\Admin\085b574956cdc611cfedaace62cf4e64.php 第 589 行.
NOTIC: [8] Undefined variable: CONFIG D:\PHP\yanjing\Runtime\Cache\Admin\085b574956cdc611cfedaace62cf4e64.php 第 590 行.
NOTIC: [8] Undefined variable: CONFIG D:\PHP\yanjing\Runtime\Cache\Admin\085b574956cdc611cfedaace62cf4e64.php 第 591 行.
NOTIC: [8] Undefined variable: CONFIG D:\PHP\yanjing\Runtime\Cache\Admin\085b574956cdc611cfedaace62cf4e64.php 第 592 行.
NOTIC: [8] Undefined variable: CONFIG D:\PHP\yanjing\Runtime\Cache\Admin\085b574956cdc611cfedaace62cf4e64.php 第 593 行.
NOTIC: [8] Undefined variable: CONFIG D:\PHP\yanjing\Runtime\Cache\Admin\085b574956cdc611cfedaace62cf4e64.php 第 594 行.
NOTIC: [8] Undefined variable: CONFIG D:\PHP\yanjing\Runtime\Cache\Admin\085b574956cdc611cfedaace62cf4e64.php 第 595 行.
NOTIC: [8] Undefined variable: CONFIG D:\PHP\yanjing\Runtime\Cache\Admin\085b574956cdc611cfedaace62cf4e64.php 第 596 行.
NOTIC: [8] Undefined variable: CONFIG D:\PHP\yanjing\Runtime\Cache\Admin\085b574956cdc611cfedaace62cf4e64.php 第 603 行.
INFO: Run Behavior\ParseTemplateBehavior [ RunTime:0.016183s ]
INFO: [ view_parse ] --END-- [ RunTime:0.016224s ]
INFO: [ view_filter ] --START--
INFO: Run Behavior\WriteHtmlCacheBehavior [ RunTime:0.000660s ]
INFO: [ view_filter ] --END-- [ RunTime:0.000689s ]
INFO: [ app_end ] --START--
INFO: Run Behavior\ShowPageTraceBehavior [ RunTime:0.000957s ]
INFO: [ app_end ] --END-- [ RunTime:0.001002s ]

[ 2018-12-04T18:54:47+08:00 ] 127.0.0.1 /index.php/Index/home.html
INFO: [ app_init ] --START--
INFO: Run Behavior\BuildLiteBehavior [ RunTime:0.000018s ]
INFO: [ app_init ] --END-- [ RunTime:0.000992s ]
INFO: [ app_begin ] --START--
INFO: Run Behavior\ReadHtmlCacheBehavior [ RunTime:0.000817s ]
INFO: [ app_begin ] --END-- [ RunTime:0.000867s ]
NOTIC: [8] A session had already been started - ignoring session_start() D:\PHP\yanjing\Application\Admin\Controller\AdminController.class.php 第 6 行.
NOTIC: [8] Undefined index:  D:\PHP\yanjing\Application\Admin\Controller\AdminController.class.php 第 30 行.
NOTIC: [8] Undefined index: authName D:\PHP\yanjing\Application\Admin\Controller\AdminController.class.php 第 31 行.
INFO: [ view_parse ] --START--
INFO: [ template_filter ] --START--
INFO: Run Behavior\ContentReplaceBehavior [ RunTime:0.000106s ]
INFO: [ template_filter ] --END-- [ RunTime:0.000140s ]
NOTIC: [8] Undefined variable: meta_title D:\PHP\yanjing\Runtime\Cache\Admin\9c5d20aa0e9b8893a9d043a77e86c28e.php 第 7 行.
NOTIC: [8] Undefined variable: CONFIG D:\PHP\yanjing\Runtime\Cache\Admin\9c5d20aa0e9b8893a9d043a77e86c28e.php 第 7 行.
NOTIC: [8] Undefined variable: CONFIG D:\PHP\yanjing\Runtime\Cache\Admin\9c5d20aa0e9b8893a9d043a77e86c28e.php 第 8 行.
NOTIC: [8] Undefined variable: CONFIG D:\PHP\yanjing\Runtime\Cache\Admin\9c5d20aa0e9b8893a9d043a77e86c28e.php 第 9 行.
INFO: Run Behavior\ParseTemplateBehavior [ RunTime:0.011537s ]
INFO: [ view_parse ] --END-- [ RunTime:0.011581s ]
INFO: [ view_filter ] --START--
INFO: Run Behavior\WriteHtmlCacheBehavior [ RunTime:0.000588s ]
INFO: [ view_filter ] --END-- [ RunTime:0.000614s ]
INFO: [ app_end ] --START--
INFO: Run Behavior\ShowPageTraceBehavior [ RunTime:0.001021s ]
INFO: [ app_end ] --END-- [ RunTime:0.001052s ]

[ 2018-12-04T18:54:48+08:00 ] 127.0.0.1 /index.php/Lens/userLensAdd
INFO: [ app_init ] --START--
INFO: Run Behavior\BuildLiteBehavior [ RunTime:0.000015s ]
INFO: [ app_init ] --END-- [ RunTime:0.000936s ]
INFO: [ app_begin ] --START--
INFO: Run Behavior\ReadHtmlCacheBehavior [ RunTime:0.001011s ]
INFO: [ app_begin ] --END-- [ RunTime:0.001069s ]
NOTIC: [8] A session had already been started - ignoring session_start() D:\PHP\yanjing\Application\Admin\Controller\AdminController.class.php 第 6 行.
NOTIC: [8] Undefined index:  D:\PHP\yanjing\Application\Admin\Controller\AdminController.class.php 第 30 行.
NOTIC: [8] Undefined index: authName D:\PHP\yanjing\Application\Admin\Controller\AdminController.class.php 第 31 行.
SQL: SHOW COLUMNS FROM `gls_user` [ RunTime:0.0116s ]
SQL: SHOW COLUMNS FROM `gls_user_lens` [ RunTime:0.0089s ]
INFO: [ view_parse ] --START--
INFO: [ template_filter ] --START--
INFO: Run Behavior\ContentReplaceBehavior [ RunTime:0.000478s ]
INFO: [ template_filter ] --END-- [ RunTime:0.000518s ]
NOTIC: [8] Undefined variable: CONFIG D:\PHP\yanjing\Runtime\Cache\Admin\bdf82f1201fbca4150e1defeddfa6302.php 第 7 行.
NOTIC: [8] Undefined variable: CONFIG D:\PHP\yanjing\Runtime\Cache\Admin\bdf82f1201fbca4150e1defeddfa6302.php 第 8 行.
NOTIC: [8] Undefined variable: CONFIG D:\PHP\yanjing\Runtime\Cache\Admin\bdf82f1201fbca4150e1defeddfa6302.php 第 9 行.
NOTIC: [8] Undefined variable: list D:\PHP\yanjing\Runtime\Cache\Admin\bdf82f1201fbca4150e1defeddfa6302.php 第 244 行.
NOTIC: [8] Undefined variable: data D:\PHP\yanjing\Runtime\Cache\Admin\bdf82f1201fbca4150e1defeddfa6302.php 第 287 行.
NOTIC: [8] Undefined variable: data D:\PHP\yanjing\Runtime\Cache\Admin\bdf82f1201fbca4150e1defeddfa6302.php 第 294 行.
NOTIC: [8] Undefined variable: data D:\PHP\yanjing\Runtime\Cache\Admin\bdf82f1201fbca4150e1defeddfa6302.php 第 320 行.
NOTIC: [8] Undefined variable: data D:\PHP\yanjing\Runtime\Cache\Admin\bdf82f1201fbca4150e1defeddfa6302.php 第 327 行.
NOTIC: [8] Undefined variable: artist D:\PHP\yanjing\Runtime\Cache\Admin\bdf82f1201fbca4150e1defeddfa6302.php 第 341 行.
NOTIC: [8] Undefined variable: data D:\PHP\yanjing\Runtime\Cache\Admin\bdf82f1201fbca4150e1defeddfa6302.php 第 345 行.
NOTIC: [8] Undefined variable: artist D:\PHP\yanjing\Runtime\Cache\Admin\bdf82f1201fbca4150e1defeddfa6302.php 第 348 行.
NOTIC: [8] Undefined variable: data D:\PHP\yanjing\Runtime\Cache\Admin\bdf82f1201fbca4150e1defeddfa6302.php 第 379 行.
NOTIC: [8] Undefined variable: data D:\PHP\yanjing\Runtime\Cache\Admin\bdf82f1201fbca4150e1defeddfa6302.php 第 383 行.
NOTIC: [8] Undefined variable: artist D:\PHP\yanjing\Runtime\Cache\Admin\bdf82f1201fbca4150e1defeddfa6302.php 第 386 行.
NOTIC: [8] Undefined variable: data D:\PHP\yanjing\Runtime\Cache\Admin\bdf82f1201fbca4150e1defeddfa6302.php 第 396 行.
NOTIC: [8] Undefined variable: data D:\PHP\yanjing\Runtime\Cache\Admin\bdf82f1201fbca4150e1defeddfa6302.php 第 400 行.
NOTIC: [8] Undefined variable: artist D:\PHP\yanjing\Runtime\Cache\Admin\bdf82f1201fbca4150e1defeddfa6302.php 第 403 行.
NOTIC: [8] Undefined variable: data D:\PHP\yanjing\Runtime\Cache\Admin\bdf82f1201fbca4150e1defeddfa6302.php 第 412 行.
NOTIC: [8] Undefined variable: data D:\PHP\yanjing\Runtime\Cache\Admin\bdf82f1201fbca4150e1defeddfa6302.php 第 419 行.
NOTIC: [8] Undefined variable: data D:\PHP\yanjing\Runtime\Cache\Admin\bdf82f1201fbca4150e1defeddfa6302.php 第 426 行.
NOTIC: [8] Undefined variable: data D:\PHP\yanjing\Runtime\Cache\Admin\bdf82f1201fbca4150e1defeddfa6302.php 第 433 行.
NOTIC: [8] Undefined variable: data D:\PHP\yanjing\Runtime\Cache\Admin\bdf82f1201fbca4150e1defeddfa6302.php 第 440 行.
NOTIC: [8] Undefined variable: data D:\PHP\yanjing\Runtime\Cache\Admin\bdf82f1201fbca4150e1defeddfa6302.php 第 447 行.
NOTIC: [8] Undefined variable: data D:\PHP\yanjing\Runtime\Cache\Admin\bdf82f1201fbca4150e1defeddfa6302.php 第 454 行.
NOTIC: [8] Undefined variable: data D:\PHP\yanjing\Runtime\Cache\Admin\bdf82f1201fbca4150e1defeddfa6302.php 第 461 行.
NOTIC: [8] Undefined variable: data D:\PHP\yanjing\Runtime\Cache\Admin\bdf82f1201fbca4150e1defeddfa6302.php 第 468 行.
NOTIC: [8] Undefined variable: data D:\PHP\yanjing\Runtime\Cache\Admin\bdf82f1201fbca4150e1defeddfa6302.php 第 475 行.
NOTIC: [8] Undefined variable: data D:\PHP\yanjing\Runtime\Cache\Admin\bdf82f1201fbca4150e1defeddfa6302.php 第 482 行.
NOTIC: [8] Undefined variable: data D:\PHP\yanjing\Runtime\Cache\Admin\bdf82f1201fbca4150e1defeddfa6302.php 第 489 行.
NOTIC: [8] Undefined variable: data D:\PHP\yanjing\Runtime\Cache\Admin\bdf82f1201fbca4150e1defeddfa6302.php 第 496 行.
NOTIC: [8] Undefined variable: data D:\PHP\yanjing\Runtime\Cache\Admin\bdf82f1201fbca4150e1defeddfa6302.php 第 503 行.
NOTIC: [8] Undefined variable: data D:\PHP\yanjing\Runtime\Cache\Admin\bdf82f1201fbca4150e1defeddfa6302.php 第 511 行.
NOTIC: [8] Undefined variable: data D:\PHP\yanjing\Runtime\Cache\Admin\bdf82f1201fbca4150e1defeddfa6302.php 第 518 行.
NOTIC: [8] Undefined variable: data D:\PHP\yanjing\Runtime\Cache\Admin\bdf82f1201fbca4150e1defeddfa6302.php 第 546 行.
NOTIC: [8] Undefined variable: CONFIG D:\PHP\yanjing\Runtime\Cache\Admin\bdf82f1201fbca4150e1defeddfa6302.php 第 566 行.
NOTIC: [8] Undefined variable: data D:\PHP\yanjing\Runtime\Cache\Admin\bdf82f1201fbca4150e1defeddfa6302.php 第 637 行.
NOTIC: [8] Undefined variable: data D:\PHP\yanjing\Runtime\Cache\Admin\bdf82f1201fbca4150e1defeddfa6302.php 第 638 行.
NOTIC: [8] Undefined variable: data D:\PHP\yanjing\Runtime\Cache\Admin\bdf82f1201fbca4150e1defeddfa6302.php 第 639 行.
NOTIC: [8] Undefined variable: data D:\PHP\yanjing\Runtime\Cache\Admin\bdf82f1201fbca4150e1defeddfa6302.php 第 640 行.
NOTIC: [8] Undefined variable: data D:\PHP\yanjing\Runtime\Cache\Admin\bdf82f1201fbca4150e1defeddfa6302.php 第 641 行.
NOTIC: [8] Undefined variable: data D:\PHP\yanjing\Runtime\Cache\Admin\bdf82f1201fbca4150e1defeddfa6302.php 第 642 行.
NOTIC: [8] Undefined variable: data D:\PHP\yanjing\Runtime\Cache\Admin\bdf82f1201fbca4150e1defeddfa6302.php 第 647 行.
NOTIC: [8] Undefined variable: data D:\PHP\yanjing\Runtime\Cache\Admin\bdf82f1201fbca4150e1defeddfa6302.php 第 708 行.
INFO: Run Behavior\ParseTemplateBehavior [ RunTime:0.018553s ]
INFO: [ view_parse ] --END-- [ RunTime:0.018593s ]
INFO: [ view_filter ] --START--
INFO: Run Behavior\WriteHtmlCacheBehavior [ RunTime:0.000750s ]
INFO: [ view_filter ] --END-- [ RunTime:0.000781s ]
INFO: [ app_end ] --START--
INFO: Run Behavior\ShowPageTraceBehavior [ RunTime:0.001101s ]
INFO: [ app_end ] --END-- [ RunTime:0.001163s ]

[ 2018-12-04T18:54:49+08:00 ] 127.0.0.1 /Public/Home/js/e-smart-zoom-jquery.min.js
INFO: [ app_init ] --START--
INFO: Run Behavior\BuildLiteBehavior [ RunTime:0.000014s ]
INFO: [ app_init ] --END-- [ RunTime:0.000853s ]
INFO: [ app_begin ] --START--
INFO: Run Behavior\ReadHtmlCacheBehavior [ RunTime:0.001161s ]
INFO: [ app_begin ] --END-- [ RunTime:0.001232s ]
ERR: 非法操作:Home

[ 2018-12-04T18:57:00+08:00 ] 127.0.0.1 /index.php/Lens/userLensAdd
INFO: [ app_init ] --START--
INFO: Run Behavior\BuildLiteBehavior [ RunTime:0.000011s ]
INFO: [ app_init ] --END-- [ RunTime:0.000789s ]
INFO: [ app_begin ] --START--
INFO: Run Behavior\ReadHtmlCacheBehavior [ RunTime:0.000886s ]
INFO: [ app_begin ] --END-- [ RunTime:0.000932s ]
NOTIC: [8] A session had already been started - ignoring session_start() D:\PHP\yanjing\Application\Admin\Controller\AdminController.class.php 第 6 行.
NOTIC: [8] Undefined index:  D:\PHP\yanjing\Application\Admin\Controller\AdminController.class.php 第 30 行.
NOTIC: [8] Undefined index: authName D:\PHP\yanjing\Application\Admin\Controller\AdminController.class.php 第 31 行.
SQL: SHOW COLUMNS FROM `gls_user` [ RunTime:0.0103s ]
SQL: SHOW COLUMNS FROM `gls_user_lens` [ RunTime:0.0067s ]
INFO: [ view_parse ] --START--
INFO: [ template_filter ] --START--
INFO: Run Behavior\ContentReplaceBehavior [ RunTime:0.000416s ]
INFO: [ template_filter ] --END-- [ RunTime:0.000452s ]
NOTIC: [8] Undefined variable: CONFIG D:\PHP\yanjing\Runtime\Cache\Admin\bdf82f1201fbca4150e1defeddfa6302.php 第 7 行.
NOTIC: [8] Undefined variable: CONFIG D:\PHP\yanjing\Runtime\Cache\Admin\bdf82f1201fbca4150e1defeddfa6302.php 第 8 行.
NOTIC: [8] Undefined variable: CONFIG D:\PHP\yanjing\Runtime\Cache\Admin\bdf82f1201fbca4150e1defeddfa6302.php 第 9 行.
NOTIC: [8] Undefined variable: list D:\PHP\yanjing\Runtime\Cache\Admin\bdf82f1201fbca4150e1defeddfa6302.php 第 244 行.
NOTIC: [8] Undefined variable: data D:\PHP\yanjing\Runtime\Cache\Admin\bdf82f1201fbca4150e1defeddfa6302.php 第 287 行.
NOTIC: [8] Undefined variable: data D:\PHP\yanjing\Runtime\Cache\Admin\bdf82f1201fbca4150e1defeddfa6302.php 第 294 行.
NOTIC: [8] Undefined variable: data D:\PHP\yanjing\Runtime\Cache\Admin\bdf82f1201fbca4150e1defeddfa6302.php 第 320 行.
NOTIC: [8] Undefined variable: data D:\PHP\yanjing\Runtime\Cache\Admin\bdf82f1201fbca4150e1defeddfa6302.php 第 327 行.
NOTIC: [8] Undefined variable: artist D:\PHP\yanjing\Runtime\Cache\Admin\bdf82f1201fbca4150e1defeddfa6302.php 第 341 行.
NOTIC: [8] Undefined variable: data D:\PHP\yanjing\Runtime\Cache\Admin\bdf82f1201fbca4150e1defeddfa6302.php 第 345 行.
NOTIC: [8] Undefined variable: artist D:\PHP\yanjing\Runtime\Cache\Admin\bdf82f1201fbca4150e1defeddfa6302.php 第 348 行.
NOTIC: [8] Undefined variable: data D:\PHP\yanjing\Runtime\Cache\Admin\bdf82f1201fbca4150e1defeddfa6302.php 第 379 行.
NOTIC: [8] Undefined variable: data D:\PHP\yanjing\Runtime\Cache\Admin\bdf82f1201fbca4150e1defeddfa6302.php 第 383 行.
NOTIC: [8] Undefined variable: artist D:\PHP\yanjing\Runtime\Cache\Admin\bdf82f1201fbca4150e1defeddfa6302.php 第 386 行.
NOTIC: [8] Undefined variable: data D:\PHP\yanjing\Runtime\Cache\Admin\bdf82f1201fbca4150e1defeddfa6302.php 第 396 行.
NOTIC: [8] Undefined variable: data D:\PHP\yanjing\Runtime\Cache\Admin\bdf82f1201fbca4150e1defeddfa6302.php 第 400 行.
NOTIC: [8] Undefined variable: artist D:\PHP\yanjing\Runtime\Cache\Admin\bdf82f1201fbca4150e1defeddfa6302.php 第 403 行.
NOTIC: [8] Undefined variable: data D:\PHP\yanjing\Runtime\Cache\Admin\bdf82f1201fbca4150e1defeddfa6302.php 第 412 行.
NOTIC: [8] Undefined variable: data D:\PHP\yanjing\Runtime\Cache\Admin\bdf82f1201fbca4150e1defeddfa6302.php 第 419 行.
NOTIC: [8] Undefined variable: data D:\PHP\yanjing\Runtime\Cache\Admin\bdf82f1201fbca4150e1defeddfa6302.php 第 426 行.
NOTIC: [8] Undefined variable: data D:\PHP\yanjing\Runtime\Cache\Admin\bdf82f1201fbca4150e1defeddfa6302.php 第 433 行.
NOTIC: [8] Undefined variable: data D:\PHP\yanjing\Runtime\Cache\Admin\bdf82f1201fbca4150e1defeddfa6302.php 第 440 行.
NOTIC: [8] Undefined variable: data D:\PHP\yanjing\Runtime\Cache\Admin\bdf82f1201fbca4150e1defeddfa6302.php 第 447 行.
NOTIC: [8] Undefined variable: data D:\PHP\yanjing\Runtime\Cache\Admin\bdf82f1201fbca4150e1defeddfa6302.php 第 454 行.
NOTIC: [8] Undefined variable: data D:\PHP\yanjing\Runtime\Cache\Admin\bdf82f1201fbca4150e1defeddfa6302.php 第 461 行.
NOTIC: [8] Undefined variable: data D:\PHP\yanjing\Runtime\Cache\Admin\bdf82f1201fbca4150e1defeddfa6302.php 第 468 行.
NOTIC: [8] Undefined variable: data D:\PHP\yanjing\Runtime\Cache\Admin\bdf82f1201fbca4150e1defeddfa6302.php 第 475 行.
NOTIC: [8] Undefined variable: data D:\PHP\yanjing\Runtime\Cache\Admin\bdf82f1201fbca4150e1defeddfa6302.php 第 482 行.
NOTIC: [8] Undefined variable: data D:\PHP\yanjing\Runtime\Cache\Admin\bdf82f1201fbca4150e1defeddfa6302.php 第 489 行.
NOTIC: [8] Undefined variable: data D:\PHP\yanjing\Runtime\Cache\Admin\bdf82f1201fbca4150e1defeddfa6302.php 第 496 行.
NOTIC: [8] Undefined variable: data D:\PHP\yanjing\Runtime\Cache\Admin\bdf82f1201fbca4150e1defeddfa6302.php 第 503 行.
NOTIC: [8] Undefined variable: data D:\PHP\yanjing\Runtime\Cache\Admin\bdf82f1201fbca4150e1defeddfa6302.php 第 511 行.
NOTIC: [8] Undefined variable: data D:\PHP\yanjing\Runtime\Cache\Admin\bdf82f1201fbca4150e1defeddfa6302.php 第 518 行.
NOTIC: [8] Undefined variable: data D:\PHP\yanjing\Runtime\Cache\Admin\bdf82f1201fbca4150e1defeddfa6302.php 第 546 行.
NOTIC: [8] Undefined variable: CONFIG D:\PHP\yanjing\Runtime\Cache\Admin\bdf82f1201fbca4150e1defeddfa6302.php 第 566 行.
NOTIC: [8] Undefined variable: data D:\PHP\yanjing\Runtime\Cache\Admin\bdf82f1201fbca4150e1defeddfa6302.php 第 637 行.
NOTIC: [8] Undefined variable: data D:\PHP\yanjing\Runtime\Cache\Admin\bdf82f1201fbca4150e1defeddfa6302.php 第 638 行.
NOTIC: [8] Undefined variable: data D:\PHP\yanjing\Runtime\Cache\Admin\bdf82f1201fbca4150e1defeddfa6302.php 第 639 行.
NOTIC: [8] Undefined variable: data D:\PHP\yanjing\Runtime\Cache\Admin\bdf82f1201fbca4150e1defeddfa6302.php 第 640 行.
NOTIC: [8] Undefined variable: data D:\PHP\yanjing\Runtime\Cache\Admin\bdf82f1201fbca4150e1defeddfa6302.php 第 641 行.
NOTIC: [8] Undefined variable: data D:\PHP\yanjing\Runtime\Cache\Admin\bdf82f1201fbca4150e1defeddfa6302.php 第 642 行.
NOTIC: [8] Undefined variable: data D:\PHP\yanjing\Runtime\Cache\Admin\bdf82f1201fbca4150e1defeddfa6302.php 第 647 行.
NOTIC: [8] Undefined variable: data D:\PHP\yanjing\Runtime\Cache\Admin\bdf82f1201fbca4150e1defeddfa6302.php 第 708 行.
INFO: Run Behavior\ParseTemplateBehavior [ RunTime:0.027007s ]
INFO: [ view_parse ] --END-- [ RunTime:0.027042s ]
INFO: [ view_filter ] --START--
INFO: Run Behavior\WriteHtmlCacheBehavior [ RunTime:0.000754s ]
INFO: [ view_filter ] --END-- [ RunTime:0.000781s ]
INFO: [ app_end ] --START--
INFO: Run Behavior\ShowPageTraceBehavior [ RunTime:0.001167s ]
INFO: [ app_end ] --END-- [ RunTime:0.001226s ]

[ 2018-12-04T18:57:00+08:00 ] 127.0.0.1 /Public/Home/js/e-smart-zoom-jquery.min.js
INFO: [ app_init ] --START--
INFO: Run Behavior\BuildLiteBehavior [ RunTime:0.000011s ]
INFO: [ app_init ] --END-- [ RunTime:0.000656s ]
INFO: [ app_begin ] --START--
INFO: Run Behavior\ReadHtmlCacheBehavior [ RunTime:0.000822s ]
INFO: [ app_begin ] --END-- [ RunTime:0.000881s ]
ERR: 非法操作:Home

