[ 2018-12-13T11:09:05+08:00 ] 127.0.0.1 /
INFO: [ app_init ] --START--
INFO: Run Behavior\BuildLiteBehavior [ RunTime:0.000015s ]
INFO: [ app_init ] --END-- [ RunTime:0.002351s ]
INFO: [ app_begin ] --START--
INFO: Run Behavior\ReadHtmlCacheBehavior [ RunTime:0.001520s ]
INFO: [ app_begin ] --END-- [ RunTime:0.001609s ]
NOTIC: [8] A session had already been started - ignoring session_start() D:\PHP\yanjing\Application\Admin\Controller\AdminController.class.php 第 6 行.
NOTIC: [8] Undefined index:  D:\PHP\yanjing\Application\Admin\Controller\AdminController.class.php 第 30 行.
NOTIC: [8] Undefined index: authName D:\PHP\yanjing\Application\Admin\Controller\AdminController.class.php 第 31 行.
SQL: SHOW COLUMNS FROM `gls_menu` [ RunTime:0.0172s ]
SQL: SELECT * FROM `gls_menu` WHERE `status` = 1 AND `pid` = 0 ORDER BY sort  [ RunTime:0.0027s ]
SQL: SELECT * FROM `gls_menu` WHERE `status` = 1 AND `pid` = 1 ORDER BY sort  [ RunTime:0.0005s ]
INFO: [ view_parse ] --START--
INFO: [ template_filter ] --START--
INFO: Run Behavior\ContentReplaceBehavior [ RunTime:0.000292s ]
INFO: [ template_filter ] --END-- [ RunTime:0.000328s ]
NOTIC: [8] Undefined variable: CONFIG D:\PHP\yanjing\Runtime\Cache\Admin\085b574956cdc611cfedaace62cf4e64.php 第 7 行.
NOTIC: [8] Undefined variable: CONFIG D:\PHP\yanjing\Runtime\Cache\Admin\085b574956cdc611cfedaace62cf4e64.php 第 8 行.
NOTIC: [8] Undefined variable: CONFIG D:\PHP\yanjing\Runtime\Cache\Admin\085b574956cdc611cfedaace62cf4e64.php 第 9 行.
NOTIC: [8] Undefined variable: personal D:\PHP\yanjing\Runtime\Cache\Admin\085b574956cdc611cfedaace62cf4e64.php 第 204 行.
NOTIC: [8] Undefined variable: personal D:\PHP\yanjing\Runtime\Cache\Admin\085b574956cdc611cfedaace62cf4e64.php 第 204 行.
NOTIC: [8] Undefined variable: personal D:\PHP\yanjing\Runtime\Cache\Admin\085b574956cdc611cfedaace62cf4e64.php 第 205 行.
NOTIC: [8] Undefined variable: personal D:\PHP\yanjing\Runtime\Cache\Admin\085b574956cdc611cfedaace62cf4e64.php 第 210 行.
NOTIC: [8] Undefined variable: personal D:\PHP\yanjing\Runtime\Cache\Admin\085b574956cdc611cfedaace62cf4e64.php 第 211 行.
NOTIC: [8] Undefined variable: personal D:\PHP\yanjing\Runtime\Cache\Admin\085b574956cdc611cfedaace62cf4e64.php 第 216 行.
NOTIC: [8] Undefined variable: personal D:\PHP\yanjing\Runtime\Cache\Admin\085b574956cdc611cfedaace62cf4e64.php 第 239 行.
NOTIC: [8] Undefined variable: personal D:\PHP\yanjing\Runtime\Cache\Admin\085b574956cdc611cfedaace62cf4e64.php 第 239 行.
NOTIC: [8] Undefined variable: personal D:\PHP\yanjing\Runtime\Cache\Admin\085b574956cdc611cfedaace62cf4e64.php 第 240 行.
NOTIC: [8] Undefined variable: personal D:\PHP\yanjing\Runtime\Cache\Admin\085b574956cdc611cfedaace62cf4e64.php 第 248 行.
NOTIC: [8] Undefined variable: personal D:\PHP\yanjing\Runtime\Cache\Admin\085b574956cdc611cfedaace62cf4e64.php 第 248 行.
NOTIC: [8] Undefined variable: personal D:\PHP\yanjing\Runtime\Cache\Admin\085b574956cdc611cfedaace62cf4e64.php 第 249 行.
NOTIC: [8] Undefined variable: personal D:\PHP\yanjing\Runtime\Cache\Admin\085b574956cdc611cfedaace62cf4e64.php 第 253 行.
NOTIC: [8] Undefined variable: personal D:\PHP\yanjing\Runtime\Cache\Admin\085b574956cdc611cfedaace62cf4e64.php 第 254 行.
NOTIC: [8] Undefined variable: personal D:\PHP\yanjing\Runtime\Cache\Admin\085b574956cdc611cfedaace62cf4e64.php 第 260 行.
NOTIC: [8] Undefined variable: personal D:\PHP\yanjing\Runtime\Cache\Admin\085b574956cdc611cfedaace62cf4e64.php 第 260 行.
NOTIC: [8] Undefined variable: personal D:\PHP\yanjing\Runtime\Cache\Admin\085b574956cdc611cfedaace62cf4e64.php 第 261 行.
NOTIC: [8] Undefined variable: noReadNum D:\PHP\yanjing\Runtime\Cache\Admin\085b574956cdc611cfedaace62cf4e64.php 第 388 行.
NOTIC: [8] Undefined variable: CONFIG D:\PHP\yanjing\Runtime\Cache\Admin\085b574956cdc611cfedaace62cf4e64.php 第 588 行.
NOTIC: [8] Undefined variable: CONFIG D:\PHP\yanjing\Runtime\Cache\Admin\085b574956cdc611cfedaace62cf4e64.php 第 589 行.
NOTIC: [8] Undefined variable: CONFIG D:\PHP\yanjing\Runtime\Cache\Admin\085b574956cdc611cfedaace62cf4e64.php 第 590 行.
NOTIC: [8] Undefined variable: CONFIG D:\PHP\yanjing\Runtime\Cache\Admin\085b574956cdc611cfedaace62cf4e64.php 第 591 行.
NOTIC: [8] Undefined variable: CONFIG D:\PHP\yanjing\Runtime\Cache\Admin\085b574956cdc611cfedaace62cf4e64.php 第 592 行.
NOTIC: [8] Undefined variable: CONFIG D:\PHP\yanjing\Runtime\Cache\Admin\085b574956cdc611cfedaace62cf4e64.php 第 593 行.
NOTIC: [8] Undefined variable: CONFIG D:\PHP\yanjing\Runtime\Cache\Admin\085b574956cdc611cfedaace62cf4e64.php 第 594 行.
NOTIC: [8] Undefined variable: CONFIG D:\PHP\yanjing\Runtime\Cache\Admin\085b574956cdc611cfedaace62cf4e64.php 第 595 行.
NOTIC: [8] Undefined variable: CONFIG D:\PHP\yanjing\Runtime\Cache\Admin\085b574956cdc611cfedaace62cf4e64.php 第 596 行.
NOTIC: [8] Undefined variable: CONFIG D:\PHP\yanjing\Runtime\Cache\Admin\085b574956cdc611cfedaace62cf4e64.php 第 603 行.
INFO: Run Behavior\ParseTemplateBehavior [ RunTime:0.031289s ]
INFO: [ view_parse ] --END-- [ RunTime:0.031327s ]
INFO: [ view_filter ] --START--
INFO: Run Behavior\WriteHtmlCacheBehavior [ RunTime:0.001021s ]
INFO: [ view_filter ] --END-- [ RunTime:0.001049s ]
INFO: [ app_end ] --START--
INFO: Run Behavior\ShowPageTraceBehavior [ RunTime:0.001867s ]
INFO: [ app_end ] --END-- [ RunTime:0.001920s ]

[ 2018-12-13T11:09:05+08:00 ] 127.0.0.1 /index.php/Index/home.html
INFO: [ app_init ] --START--
INFO: Run Behavior\BuildLiteBehavior [ RunTime:0.000016s ]
INFO: [ app_init ] --END-- [ RunTime:0.001962s ]
INFO: [ app_begin ] --START--
INFO: Run Behavior\ReadHtmlCacheBehavior [ RunTime:0.001232s ]
INFO: [ app_begin ] --END-- [ RunTime:0.001303s ]
NOTIC: [8] A session had already been started - ignoring session_start() D:\PHP\yanjing\Application\Admin\Controller\AdminController.class.php 第 6 行.
NOTIC: [8] Undefined index:  D:\PHP\yanjing\Application\Admin\Controller\AdminController.class.php 第 30 行.
NOTIC: [8] Undefined index: authName D:\PHP\yanjing\Application\Admin\Controller\AdminController.class.php 第 31 行.
INFO: [ view_parse ] --START--
INFO: [ template_filter ] --START--
INFO: Run Behavior\ContentReplaceBehavior [ RunTime:0.000142s ]
INFO: [ template_filter ] --END-- [ RunTime:0.000226s ]
NOTIC: [8] Undefined variable: meta_title D:\PHP\yanjing\Runtime\Cache\Admin\9c5d20aa0e9b8893a9d043a77e86c28e.php 第 7 行.
NOTIC: [8] Undefined variable: CONFIG D:\PHP\yanjing\Runtime\Cache\Admin\9c5d20aa0e9b8893a9d043a77e86c28e.php 第 7 行.
NOTIC: [8] Undefined variable: CONFIG D:\PHP\yanjing\Runtime\Cache\Admin\9c5d20aa0e9b8893a9d043a77e86c28e.php 第 8 行.
NOTIC: [8] Undefined variable: CONFIG D:\PHP\yanjing\Runtime\Cache\Admin\9c5d20aa0e9b8893a9d043a77e86c28e.php 第 9 行.
INFO: Run Behavior\ParseTemplateBehavior [ RunTime:0.010067s ]
INFO: [ view_parse ] --END-- [ RunTime:0.010129s ]
INFO: [ view_filter ] --START--
INFO: Run Behavior\WriteHtmlCacheBehavior [ RunTime:0.000710s ]
INFO: [ view_filter ] --END-- [ RunTime:0.000743s ]
INFO: [ app_end ] --START--
INFO: Run Behavior\ShowPageTraceBehavior [ RunTime:0.000831s ]
INFO: [ app_end ] --END-- [ RunTime:0.000872s ]

[ 2018-12-13T11:09:05+08:00 ] 127.0.0.1 /favicon.ico
INFO: [ app_init ] --START--
INFO: Run Behavior\BuildLiteBehavior [ RunTime:0.000011s ]
INFO: [ app_init ] --END-- [ RunTime:0.000592s ]

[ 2018-12-13T11:15:50+08:00 ] 127.0.0.1 /admin.php/userlen/test
INFO: [ app_init ] --START--
INFO: Run Behavior\BuildLiteBehavior [ RunTime:0.000011s ]
INFO: [ app_init ] --END-- [ RunTime:0.000779s ]
INFO: [ app_begin ] --START--
INFO: Run Behavior\ReadHtmlCacheBehavior [ RunTime:0.000843s ]
INFO: [ app_begin ] --END-- [ RunTime:0.000892s ]
ERR: 无法加载控制器:Userlen

[ 2018-12-13T11:16:13+08:00 ] 127.0.0.1 /admin.php/lens/test
INFO: [ app_init ] --START--
INFO: Run Behavior\BuildLiteBehavior [ RunTime:0.000009s ]
INFO: [ app_init ] --END-- [ RunTime:0.000642s ]
INFO: [ app_begin ] --START--
INFO: Run Behavior\ReadHtmlCacheBehavior [ RunTime:0.000784s ]
INFO: [ app_begin ] --END-- [ RunTime:0.000827s ]
NOTIC: [8] A session had already been started - ignoring session_start() D:\PHP\yanjing\Application\Admin\Controller\AdminController.class.php 第 6 行.
NOTIC: [8] Undefined index:  D:\PHP\yanjing\Application\Admin\Controller\AdminController.class.php 第 30 行.
NOTIC: [8] Undefined index: authName D:\PHP\yanjing\Application\Admin\Controller\AdminController.class.php 第 31 行.

[ 2018-12-13T11:16:35+08:00 ] 127.0.0.1 /admin.php/lens/test
INFO: [ app_init ] --START--
INFO: Run Behavior\BuildLiteBehavior [ RunTime:0.000017s ]
INFO: [ app_init ] --END-- [ RunTime:0.000900s ]
INFO: [ app_begin ] --START--
INFO: Run Behavior\ReadHtmlCacheBehavior [ RunTime:0.000783s ]
INFO: [ app_begin ] --END-- [ RunTime:0.000829s ]
NOTIC: [8] A session had already been started - ignoring session_start() D:\PHP\yanjing\Application\Admin\Controller\AdminController.class.php 第 6 行.
NOTIC: [8] Undefined index:  D:\PHP\yanjing\Application\Admin\Controller\AdminController.class.php 第 30 行.
NOTIC: [8] Undefined index: authName D:\PHP\yanjing\Application\Admin\Controller\AdminController.class.php 第 31 行.

[ 2018-12-13T11:19:03+08:00 ] 127.0.0.1 /admin.php/lens/test
INFO: [ app_init ] --START--
INFO: Run Behavior\BuildLiteBehavior [ RunTime:0.000013s ]
INFO: [ app_init ] --END-- [ RunTime:0.000936s ]
INFO: [ app_begin ] --START--
INFO: Run Behavior\ReadHtmlCacheBehavior [ RunTime:0.001493s ]
INFO: [ app_begin ] --END-- [ RunTime:0.001566s ]
NOTIC: [8] A session had already been started - ignoring session_start() D:\PHP\yanjing\Application\Admin\Controller\AdminController.class.php 第 6 行.
NOTIC: [8] Undefined index:  D:\PHP\yanjing\Application\Admin\Controller\AdminController.class.php 第 30 行.
NOTIC: [8] Undefined index: authName D:\PHP\yanjing\Application\Admin\Controller\AdminController.class.php 第 31 行.

[ 2018-12-13T11:19:04+08:00 ] 127.0.0.1 /admin.php/lens/test
INFO: [ app_init ] --START--
INFO: Run Behavior\BuildLiteBehavior [ RunTime:0.000011s ]
INFO: [ app_init ] --END-- [ RunTime:0.000660s ]
INFO: [ app_begin ] --START--
INFO: Run Behavior\ReadHtmlCacheBehavior [ RunTime:0.000753s ]
INFO: [ app_begin ] --END-- [ RunTime:0.000796s ]
NOTIC: [8] A session had already been started - ignoring session_start() D:\PHP\yanjing\Application\Admin\Controller\AdminController.class.php 第 6 行.
NOTIC: [8] Undefined index:  D:\PHP\yanjing\Application\Admin\Controller\AdminController.class.php 第 30 行.
NOTIC: [8] Undefined index: authName D:\PHP\yanjing\Application\Admin\Controller\AdminController.class.php 第 31 行.

[ 2018-12-13T11:19:04+08:00 ] 127.0.0.1 /admin.php/lens/test
INFO: [ app_init ] --START--
INFO: Run Behavior\BuildLiteBehavior [ RunTime:0.000010s ]
INFO: [ app_init ] --END-- [ RunTime:0.000686s ]
INFO: [ app_begin ] --START--
INFO: Run Behavior\ReadHtmlCacheBehavior [ RunTime:0.000707s ]
INFO: [ app_begin ] --END-- [ RunTime:0.000751s ]
NOTIC: [8] A session had already been started - ignoring session_start() D:\PHP\yanjing\Application\Admin\Controller\AdminController.class.php 第 6 行.
NOTIC: [8] Undefined index:  D:\PHP\yanjing\Application\Admin\Controller\AdminController.class.php 第 30 行.
NOTIC: [8] Undefined index: authName D:\PHP\yanjing\Application\Admin\Controller\AdminController.class.php 第 31 行.

[ 2018-12-13T11:19:04+08:00 ] 127.0.0.1 /admin.php/lens/test
INFO: [ app_init ] --START--
INFO: Run Behavior\BuildLiteBehavior [ RunTime:0.000011s ]
INFO: [ app_init ] --END-- [ RunTime:0.000881s ]
INFO: [ app_begin ] --START--
INFO: Run Behavior\ReadHtmlCacheBehavior [ RunTime:0.001062s ]
INFO: [ app_begin ] --END-- [ RunTime:0.001136s ]
NOTIC: [8] A session had already been started - ignoring session_start() D:\PHP\yanjing\Application\Admin\Controller\AdminController.class.php 第 6 行.
NOTIC: [8] Undefined index:  D:\PHP\yanjing\Application\Admin\Controller\AdminController.class.php 第 30 行.
NOTIC: [8] Undefined index: authName D:\PHP\yanjing\Application\Admin\Controller\AdminController.class.php 第 31 行.

[ 2018-12-13T11:20:41+08:00 ] 127.0.0.1 /admin.php/lens/test
INFO: [ app_init ] --START--
INFO: Run Behavior\BuildLiteBehavior [ RunTime:0.000011s ]
INFO: [ app_init ] --END-- [ RunTime:0.000776s ]
INFO: [ app_begin ] --START--
INFO: Run Behavior\ReadHtmlCacheBehavior [ RunTime:0.000863s ]
INFO: [ app_begin ] --END-- [ RunTime:0.000910s ]
NOTIC: [8] A session had already been started - ignoring session_start() D:\PHP\yanjing\Application\Admin\Controller\AdminController.class.php 第 6 行.
NOTIC: [8] Undefined index:  D:\PHP\yanjing\Application\Admin\Controller\AdminController.class.php 第 30 行.
NOTIC: [8] Undefined index: authName D:\PHP\yanjing\Application\Admin\Controller\AdminController.class.php 第 31 行.

[ 2018-12-13T11:20:43+08:00 ] 127.0.0.1 /admin.php/lens/test
INFO: [ app_init ] --START--
INFO: Run Behavior\BuildLiteBehavior [ RunTime:0.000010s ]
INFO: [ app_init ] --END-- [ RunTime:0.000683s ]
INFO: [ app_begin ] --START--
INFO: Run Behavior\ReadHtmlCacheBehavior [ RunTime:0.000789s ]
INFO: [ app_begin ] --END-- [ RunTime:0.000845s ]
NOTIC: [8] A session had already been started - ignoring session_start() D:\PHP\yanjing\Application\Admin\Controller\AdminController.class.php 第 6 行.
NOTIC: [8] Undefined index:  D:\PHP\yanjing\Application\Admin\Controller\AdminController.class.php 第 30 行.
NOTIC: [8] Undefined index: authName D:\PHP\yanjing\Application\Admin\Controller\AdminController.class.php 第 31 行.

[ 2018-12-13T11:22:06+08:00 ] 127.0.0.1 /admin.php/lens/test
INFO: [ app_init ] --START--
INFO: Run Behavior\BuildLiteBehavior [ RunTime:0.000014s ]
INFO: [ app_init ] --END-- [ RunTime:0.001015s ]
INFO: [ app_begin ] --START--
INFO: Run Behavior\ReadHtmlCacheBehavior [ RunTime:0.000910s ]
INFO: [ app_begin ] --END-- [ RunTime:0.000965s ]
NOTIC: [8] A session had already been started - ignoring session_start() D:\PHP\yanjing\Application\Admin\Controller\AdminController.class.php 第 6 行.
NOTIC: [8] Undefined index:  D:\PHP\yanjing\Application\Admin\Controller\AdminController.class.php 第 30 行.
NOTIC: [8] Undefined index: authName D:\PHP\yanjing\Application\Admin\Controller\AdminController.class.php 第 31 行.

[ 2018-12-13T11:22:07+08:00 ] 127.0.0.1 /admin.php/lens/test
INFO: [ app_init ] --START--
INFO: Run Behavior\BuildLiteBehavior [ RunTime:0.000014s ]
INFO: [ app_init ] --END-- [ RunTime:0.000694s ]
INFO: [ app_begin ] --START--
INFO: Run Behavior\ReadHtmlCacheBehavior [ RunTime:0.001055s ]
INFO: [ app_begin ] --END-- [ RunTime:0.001124s ]
NOTIC: [8] A session had already been started - ignoring session_start() D:\PHP\yanjing\Application\Admin\Controller\AdminController.class.php 第 6 行.
NOTIC: [8] Undefined index:  D:\PHP\yanjing\Application\Admin\Controller\AdminController.class.php 第 30 行.
NOTIC: [8] Undefined index: authName D:\PHP\yanjing\Application\Admin\Controller\AdminController.class.php 第 31 行.

[ 2018-12-13T11:22:08+08:00 ] 127.0.0.1 /admin.php/lens/test
INFO: [ app_init ] --START--
INFO: Run Behavior\BuildLiteBehavior [ RunTime:0.000014s ]
INFO: [ app_init ] --END-- [ RunTime:0.000846s ]
INFO: [ app_begin ] --START--
INFO: Run Behavior\ReadHtmlCacheBehavior [ RunTime:0.001049s ]
INFO: [ app_begin ] --END-- [ RunTime:0.001117s ]
NOTIC: [8] A session had already been started - ignoring session_start() D:\PHP\yanjing\Application\Admin\Controller\AdminController.class.php 第 6 行.
NOTIC: [8] Undefined index:  D:\PHP\yanjing\Application\Admin\Controller\AdminController.class.php 第 30 行.
NOTIC: [8] Undefined index: authName D:\PHP\yanjing\Application\Admin\Controller\AdminController.class.php 第 31 行.

[ 2018-12-13T11:22:08+08:00 ] 127.0.0.1 /admin.php/lens/test
INFO: [ app_init ] --START--
INFO: Run Behavior\BuildLiteBehavior [ RunTime:0.000014s ]
INFO: [ app_init ] --END-- [ RunTime:0.000873s ]
INFO: [ app_begin ] --START--
INFO: Run Behavior\ReadHtmlCacheBehavior [ RunTime:0.001045s ]
INFO: [ app_begin ] --END-- [ RunTime:0.001114s ]
NOTIC: [8] A session had already been started - ignoring session_start() D:\PHP\yanjing\Application\Admin\Controller\AdminController.class.php 第 6 行.
NOTIC: [8] Undefined index:  D:\PHP\yanjing\Application\Admin\Controller\AdminController.class.php 第 30 行.
NOTIC: [8] Undefined index: authName D:\PHP\yanjing\Application\Admin\Controller\AdminController.class.php 第 31 行.

