[ 2018-12-03T12:21:43+08:00 ] 127.0.0.1 /
INFO: [ app_init ] --START--
INFO: Run Behavior\BuildLiteBehavior [ RunTime:0.000012s ]
INFO: [ app_init ] --END-- [ RunTime:0.001832s ]
INFO: [ app_begin ] --START--
INFO: Run Behavior\ReadHtmlCacheBehavior [ RunTime:0.001264s ]
INFO: [ app_begin ] --END-- [ RunTime:0.001327s ]
NOTIC: [8] A session had already been started - ignoring session_start() D:\PHP\yanjing\Application\Admin\Controller\AdminController.class.php 第 6 行.
NOTIC: [8] Undefined index:  D:\PHP\yanjing\Application\Admin\Controller\AdminController.class.php 第 30 行.
NOTIC: [8] Undefined index: authName D:\PHP\yanjing\Application\Admin\Controller\AdminController.class.php 第 31 行.
SQL: SHOW COLUMNS FROM `gls_menu` [ RunTime:0.0139s ]
SQL: SELECT * FROM `gls_menu` WHERE `status` = 1 AND `pid` = 0 ORDER BY sort  [ RunTime:0.0018s ]
SQL: SELECT * FROM `gls_menu` WHERE `status` = 1 AND `pid` = 1 ORDER BY sort  [ RunTime:0.0005s ]
INFO: [ view_parse ] --START--
INFO: [ template_filter ] --START--
INFO: Run Behavior\ContentReplaceBehavior [ RunTime:0.000288s ]
INFO: [ template_filter ] --END-- [ RunTime:0.000325s ]
NOTIC: [8] Undefined variable: CONFIG D:\PHP\yanjing\Runtime\Cache\Admin\085b574956cdc611cfedaace62cf4e64.php 第 7 行.
NOTIC: [8] Undefined variable: CONFIG D:\PHP\yanjing\Runtime\Cache\Admin\085b574956cdc611cfedaace62cf4e64.php 第 8 行.
NOTIC: [8] Undefined variable: CONFIG D:\PHP\yanjing\Runtime\Cache\Admin\085b574956cdc611cfedaace62cf4e64.php 第 9 行.
NOTIC: [8] Undefined variable: personal D:\PHP\yanjing\Runtime\Cache\Admin\085b574956cdc611cfedaace62cf4e64.php 第 204 行.
NOTIC: [8] Undefined variable: personal D:\PHP\yanjing\Runtime\Cache\Admin\085b574956cdc611cfedaace62cf4e64.php 第 204 行.
NOTIC: [8] Undefined variable: personal D:\PHP\yanjing\Runtime\Cache\Admin\085b574956cdc611cfedaace62cf4e64.php 第 205 行.
NOTIC: [8] Undefined variable: personal D:\PHP\yanjing\Runtime\Cache\Admin\085b574956cdc611cfedaace62cf4e64.php 第 210 行.
NOTIC: [8] Undefined variable: personal D:\PHP\yanjing\Runtime\Cache\Admin\085b574956cdc611cfedaace62cf4e64.php 第 211 行.
NOTIC: [8] Undefined variable: personal D:\PHP\yanjing\Runtime\Cache\Admin\085b574956cdc611cfedaace62cf4e64.php 第 216 行.
NOTIC: [8] Undefined variable: personal D:\PHP\yanjing\Runtime\Cache\Admin\085b574956cdc611cfedaace62cf4e64.php 第 239 行.
NOTIC: [8] Undefined variable: personal D:\PHP\yanjing\Runtime\Cache\Admin\085b574956cdc611cfedaace62cf4e64.php 第 239 行.
NOTIC: [8] Undefined variable: personal D:\PHP\yanjing\Runtime\Cache\Admin\085b574956cdc611cfedaace62cf4e64.php 第 240 行.
NOTIC: [8] Undefined variable: personal D:\PHP\yanjing\Runtime\Cache\Admin\085b574956cdc611cfedaace62cf4e64.php 第 248 行.
NOTIC: [8] Undefined variable: personal D:\PHP\yanjing\Runtime\Cache\Admin\085b574956cdc611cfedaace62cf4e64.php 第 248 行.
NOTIC: [8] Undefined variable: personal D:\PHP\yanjing\Runtime\Cache\Admin\085b574956cdc611cfedaace62cf4e64.php 第 249 行.
NOTIC: [8] Undefined variable: personal D:\PHP\yanjing\Runtime\Cache\Admin\085b574956cdc611cfedaace62cf4e64.php 第 253 行.
NOTIC: [8] Undefined variable: personal D:\PHP\yanjing\Runtime\Cache\Admin\085b574956cdc611cfedaace62cf4e64.php 第 254 行.
NOTIC: [8] Undefined variable: personal D:\PHP\yanjing\Runtime\Cache\Admin\085b574956cdc611cfedaace62cf4e64.php 第 260 行.
NOTIC: [8] Undefined variable: personal D:\PHP\yanjing\Runtime\Cache\Admin\085b574956cdc611cfedaace62cf4e64.php 第 260 行.
NOTIC: [8] Undefined variable: personal D:\PHP\yanjing\Runtime\Cache\Admin\085b574956cdc611cfedaace62cf4e64.php 第 261 行.
NOTIC: [8] Undefined variable: noReadNum D:\PHP\yanjing\Runtime\Cache\Admin\085b574956cdc611cfedaace62cf4e64.php 第 388 行.
NOTIC: [8] Undefined variable: CONFIG D:\PHP\yanjing\Runtime\Cache\Admin\085b574956cdc611cfedaace62cf4e64.php 第 588 行.
NOTIC: [8] Undefined variable: CONFIG D:\PHP\yanjing\Runtime\Cache\Admin\085b574956cdc611cfedaace62cf4e64.php 第 589 行.
NOTIC: [8] Undefined variable: CONFIG D:\PHP\yanjing\Runtime\Cache\Admin\085b574956cdc611cfedaace62cf4e64.php 第 590 行.
NOTIC: [8] Undefined variable: CONFIG D:\PHP\yanjing\Runtime\Cache\Admin\085b574956cdc611cfedaace62cf4e64.php 第 591 行.
NOTIC: [8] Undefined variable: CONFIG D:\PHP\yanjing\Runtime\Cache\Admin\085b574956cdc611cfedaace62cf4e64.php 第 592 行.
NOTIC: [8] Undefined variable: CONFIG D:\PHP\yanjing\Runtime\Cache\Admin\085b574956cdc611cfedaace62cf4e64.php 第 593 行.
NOTIC: [8] Undefined variable: CONFIG D:\PHP\yanjing\Runtime\Cache\Admin\085b574956cdc611cfedaace62cf4e64.php 第 594 行.
NOTIC: [8] Undefined variable: CONFIG D:\PHP\yanjing\Runtime\Cache\Admin\085b574956cdc611cfedaace62cf4e64.php 第 595 行.
NOTIC: [8] Undefined variable: CONFIG D:\PHP\yanjing\Runtime\Cache\Admin\085b574956cdc611cfedaace62cf4e64.php 第 596 行.
NOTIC: [8] Undefined variable: CONFIG D:\PHP\yanjing\Runtime\Cache\Admin\085b574956cdc611cfedaace62cf4e64.php 第 603 行.
INFO: Run Behavior\ParseTemplateBehavior [ RunTime:0.030825s ]
INFO: [ view_parse ] --END-- [ RunTime:0.030868s ]
INFO: [ view_filter ] --START--
INFO: Run Behavior\WriteHtmlCacheBehavior [ RunTime:0.001313s ]
INFO: [ view_filter ] --END-- [ RunTime:0.001343s ]
INFO: [ app_end ] --START--
INFO: Run Behavior\ShowPageTraceBehavior [ RunTime:0.001861s ]
INFO: [ app_end ] --END-- [ RunTime:0.001915s ]

[ 2018-12-03T12:21:43+08:00 ] 127.0.0.1 /index.php/Index/home.html
INFO: [ app_init ] --START--
INFO: Run Behavior\BuildLiteBehavior [ RunTime:0.000010s ]
INFO: [ app_init ] --END-- [ RunTime:0.000650s ]
INFO: [ app_begin ] --START--
INFO: Run Behavior\ReadHtmlCacheBehavior [ RunTime:0.001078s ]
INFO: [ app_begin ] --END-- [ RunTime:0.001144s ]
NOTIC: [8] A session had already been started - ignoring session_start() D:\PHP\yanjing\Application\Admin\Controller\AdminController.class.php 第 6 行.
NOTIC: [8] Undefined index:  D:\PHP\yanjing\Application\Admin\Controller\AdminController.class.php 第 30 行.
NOTIC: [8] Undefined index: authName D:\PHP\yanjing\Application\Admin\Controller\AdminController.class.php 第 31 行.
INFO: [ view_parse ] --START--
INFO: [ template_filter ] --START--
INFO: Run Behavior\ContentReplaceBehavior [ RunTime:0.000108s ]
INFO: [ template_filter ] --END-- [ RunTime:0.000145s ]
NOTIC: [8] Undefined variable: meta_title D:\PHP\yanjing\Runtime\Cache\Admin\9c5d20aa0e9b8893a9d043a77e86c28e.php 第 7 行.
NOTIC: [8] Undefined variable: CONFIG D:\PHP\yanjing\Runtime\Cache\Admin\9c5d20aa0e9b8893a9d043a77e86c28e.php 第 7 行.
NOTIC: [8] Undefined variable: CONFIG D:\PHP\yanjing\Runtime\Cache\Admin\9c5d20aa0e9b8893a9d043a77e86c28e.php 第 8 行.
NOTIC: [8] Undefined variable: CONFIG D:\PHP\yanjing\Runtime\Cache\Admin\9c5d20aa0e9b8893a9d043a77e86c28e.php 第 9 行.
INFO: Run Behavior\ParseTemplateBehavior [ RunTime:0.009608s ]
INFO: [ view_parse ] --END-- [ RunTime:0.009656s ]
INFO: [ view_filter ] --START--
INFO: Run Behavior\WriteHtmlCacheBehavior [ RunTime:0.001055s ]
INFO: [ view_filter ] --END-- [ RunTime:0.001093s ]
INFO: [ app_end ] --START--
INFO: Run Behavior\ShowPageTraceBehavior [ RunTime:0.001021s ]
INFO: [ app_end ] --END-- [ RunTime:0.001066s ]

[ 2018-12-03T12:21:44+08:00 ] 127.0.0.1 /favicon.ico
INFO: [ app_init ] --START--
INFO: Run Behavior\BuildLiteBehavior [ RunTime:0.000011s ]
INFO: [ app_init ] --END-- [ RunTime:0.000719s ]

[ 2018-12-03T12:21:51+08:00 ] 127.0.0.1 /index.php/Lens/userLensAdd
INFO: [ app_init ] --START--
INFO: Run Behavior\BuildLiteBehavior [ RunTime:0.000011s ]
INFO: [ app_init ] --END-- [ RunTime:0.000658s ]
INFO: [ app_begin ] --START--
INFO: Run Behavior\ReadHtmlCacheBehavior [ RunTime:0.000809s ]
INFO: [ app_begin ] --END-- [ RunTime:0.000855s ]
NOTIC: [8] A session had already been started - ignoring session_start() D:\PHP\yanjing\Application\Admin\Controller\AdminController.class.php 第 6 行.
NOTIC: [8] Undefined index:  D:\PHP\yanjing\Application\Admin\Controller\AdminController.class.php 第 30 行.
NOTIC: [8] Undefined index: authName D:\PHP\yanjing\Application\Admin\Controller\AdminController.class.php 第 31 行.
SQL: SHOW COLUMNS FROM `gls_user` [ RunTime:0.0098s ]
SQL: SHOW COLUMNS FROM `gls_user_lens` [ RunTime:0.0174s ]
INFO: [ view_parse ] --START--
INFO: [ template_filter ] --START--
INFO: Run Behavior\ContentReplaceBehavior [ RunTime:0.000456s ]
INFO: [ template_filter ] --END-- [ RunTime:0.000500s ]
NOTIC: [8] Undefined variable: CONFIG D:\PHP\yanjing\Runtime\Cache\Admin\bdf82f1201fbca4150e1defeddfa6302.php 第 7 行.
NOTIC: [8] Undefined variable: CONFIG D:\PHP\yanjing\Runtime\Cache\Admin\bdf82f1201fbca4150e1defeddfa6302.php 第 8 行.
NOTIC: [8] Undefined variable: CONFIG D:\PHP\yanjing\Runtime\Cache\Admin\bdf82f1201fbca4150e1defeddfa6302.php 第 9 行.
NOTIC: [8] Undefined variable: list D:\PHP\yanjing\Runtime\Cache\Admin\bdf82f1201fbca4150e1defeddfa6302.php 第 244 行.
NOTIC: [8] Undefined variable: data D:\PHP\yanjing\Runtime\Cache\Admin\bdf82f1201fbca4150e1defeddfa6302.php 第 287 行.
NOTIC: [8] Undefined variable: data D:\PHP\yanjing\Runtime\Cache\Admin\bdf82f1201fbca4150e1defeddfa6302.php 第 294 行.
NOTIC: [8] Undefined variable: data D:\PHP\yanjing\Runtime\Cache\Admin\bdf82f1201fbca4150e1defeddfa6302.php 第 320 行.
NOTIC: [8] Undefined variable: data D:\PHP\yanjing\Runtime\Cache\Admin\bdf82f1201fbca4150e1defeddfa6302.php 第 327 行.
NOTIC: [8] Undefined variable: artist D:\PHP\yanjing\Runtime\Cache\Admin\bdf82f1201fbca4150e1defeddfa6302.php 第 341 行.
NOTIC: [8] Undefined variable: data D:\PHP\yanjing\Runtime\Cache\Admin\bdf82f1201fbca4150e1defeddfa6302.php 第 345 行.
NOTIC: [8] Undefined variable: artist D:\PHP\yanjing\Runtime\Cache\Admin\bdf82f1201fbca4150e1defeddfa6302.php 第 348 行.
NOTIC: [8] Undefined variable: data D:\PHP\yanjing\Runtime\Cache\Admin\bdf82f1201fbca4150e1defeddfa6302.php 第 379 行.
NOTIC: [8] Undefined variable: data D:\PHP\yanjing\Runtime\Cache\Admin\bdf82f1201fbca4150e1defeddfa6302.php 第 383 行.
NOTIC: [8] Undefined variable: artist D:\PHP\yanjing\Runtime\Cache\Admin\bdf82f1201fbca4150e1defeddfa6302.php 第 386 行.
NOTIC: [8] Undefined variable: data D:\PHP\yanjing\Runtime\Cache\Admin\bdf82f1201fbca4150e1defeddfa6302.php 第 396 行.
NOTIC: [8] Undefined variable: data D:\PHP\yanjing\Runtime\Cache\Admin\bdf82f1201fbca4150e1defeddfa6302.php 第 400 行.
NOTIC: [8] Undefined variable: artist D:\PHP\yanjing\Runtime\Cache\Admin\bdf82f1201fbca4150e1defeddfa6302.php 第 403 行.
NOTIC: [8] Undefined variable: data D:\PHP\yanjing\Runtime\Cache\Admin\bdf82f1201fbca4150e1defeddfa6302.php 第 412 行.
NOTIC: [8] Undefined variable: data D:\PHP\yanjing\Runtime\Cache\Admin\bdf82f1201fbca4150e1defeddfa6302.php 第 419 行.
NOTIC: [8] Undefined variable: data D:\PHP\yanjing\Runtime\Cache\Admin\bdf82f1201fbca4150e1defeddfa6302.php 第 426 行.
NOTIC: [8] Undefined variable: data D:\PHP\yanjing\Runtime\Cache\Admin\bdf82f1201fbca4150e1defeddfa6302.php 第 433 行.
NOTIC: [8] Undefined variable: data D:\PHP\yanjing\Runtime\Cache\Admin\bdf82f1201fbca4150e1defeddfa6302.php 第 440 行.
NOTIC: [8] Undefined variable: data D:\PHP\yanjing\Runtime\Cache\Admin\bdf82f1201fbca4150e1defeddfa6302.php 第 447 行.
NOTIC: [8] Undefined variable: data D:\PHP\yanjing\Runtime\Cache\Admin\bdf82f1201fbca4150e1defeddfa6302.php 第 454 行.
NOTIC: [8] Undefined variable: data D:\PHP\yanjing\Runtime\Cache\Admin\bdf82f1201fbca4150e1defeddfa6302.php 第 461 行.
NOTIC: [8] Undefined variable: data D:\PHP\yanjing\Runtime\Cache\Admin\bdf82f1201fbca4150e1defeddfa6302.php 第 468 行.
NOTIC: [8] Undefined variable: data D:\PHP\yanjing\Runtime\Cache\Admin\bdf82f1201fbca4150e1defeddfa6302.php 第 475 行.
NOTIC: [8] Undefined variable: data D:\PHP\yanjing\Runtime\Cache\Admin\bdf82f1201fbca4150e1defeddfa6302.php 第 482 行.
NOTIC: [8] Undefined variable: data D:\PHP\yanjing\Runtime\Cache\Admin\bdf82f1201fbca4150e1defeddfa6302.php 第 489 行.
NOTIC: [8] Undefined variable: data D:\PHP\yanjing\Runtime\Cache\Admin\bdf82f1201fbca4150e1defeddfa6302.php 第 496 行.
NOTIC: [8] Undefined variable: data D:\PHP\yanjing\Runtime\Cache\Admin\bdf82f1201fbca4150e1defeddfa6302.php 第 503 行.
NOTIC: [8] Undefined variable: data D:\PHP\yanjing\Runtime\Cache\Admin\bdf82f1201fbca4150e1defeddfa6302.php 第 511 行.
NOTIC: [8] Undefined variable: data D:\PHP\yanjing\Runtime\Cache\Admin\bdf82f1201fbca4150e1defeddfa6302.php 第 518 行.
NOTIC: [8] Undefined variable: data D:\PHP\yanjing\Runtime\Cache\Admin\bdf82f1201fbca4150e1defeddfa6302.php 第 546 行.
NOTIC: [8] Undefined variable: CONFIG D:\PHP\yanjing\Runtime\Cache\Admin\bdf82f1201fbca4150e1defeddfa6302.php 第 566 行.
NOTIC: [8] Undefined variable: data D:\PHP\yanjing\Runtime\Cache\Admin\bdf82f1201fbca4150e1defeddfa6302.php 第 637 行.
NOTIC: [8] Undefined variable: data D:\PHP\yanjing\Runtime\Cache\Admin\bdf82f1201fbca4150e1defeddfa6302.php 第 638 行.
NOTIC: [8] Undefined variable: data D:\PHP\yanjing\Runtime\Cache\Admin\bdf82f1201fbca4150e1defeddfa6302.php 第 639 行.
NOTIC: [8] Undefined variable: data D:\PHP\yanjing\Runtime\Cache\Admin\bdf82f1201fbca4150e1defeddfa6302.php 第 640 行.
NOTIC: [8] Undefined variable: data D:\PHP\yanjing\Runtime\Cache\Admin\bdf82f1201fbca4150e1defeddfa6302.php 第 641 行.
NOTIC: [8] Undefined variable: data D:\PHP\yanjing\Runtime\Cache\Admin\bdf82f1201fbca4150e1defeddfa6302.php 第 642 行.
NOTIC: [8] Undefined variable: data D:\PHP\yanjing\Runtime\Cache\Admin\bdf82f1201fbca4150e1defeddfa6302.php 第 647 行.
NOTIC: [8] Undefined variable: data D:\PHP\yanjing\Runtime\Cache\Admin\bdf82f1201fbca4150e1defeddfa6302.php 第 708 行.
INFO: Run Behavior\ParseTemplateBehavior [ RunTime:0.018100s ]
INFO: [ view_parse ] --END-- [ RunTime:0.018163s ]
INFO: [ view_filter ] --START--
INFO: Run Behavior\WriteHtmlCacheBehavior [ RunTime:0.000838s ]
INFO: [ view_filter ] --END-- [ RunTime:0.000890s ]
INFO: [ app_end ] --START--
INFO: Run Behavior\ShowPageTraceBehavior [ RunTime:0.001159s ]
INFO: [ app_end ] --END-- [ RunTime:0.001223s ]

[ 2018-12-03T12:21:51+08:00 ] 127.0.0.1 /Public/Home/js/e-smart-zoom-jquery.min.js
INFO: [ app_init ] --START--
INFO: Run Behavior\BuildLiteBehavior [ RunTime:0.000012s ]
INFO: [ app_init ] --END-- [ RunTime:0.000749s ]
INFO: [ app_begin ] --START--
INFO: Run Behavior\ReadHtmlCacheBehavior [ RunTime:0.001074s ]
INFO: [ app_begin ] --END-- [ RunTime:0.001140s ]
ERR: 非法操作:Home

[ 2018-12-03T12:33:39+08:00 ] 127.0.0.1 /index.php/Lens/userList/types/chose
INFO: [ app_init ] --START--
INFO: Run Behavior\BuildLiteBehavior [ RunTime:0.000015s ]
INFO: [ app_init ] --END-- [ RunTime:0.001008s ]
INFO: [ app_begin ] --START--
INFO: Run Behavior\ReadHtmlCacheBehavior [ RunTime:0.001676s ]
INFO: [ app_begin ] --END-- [ RunTime:0.001759s ]
NOTIC: [8] A session had already been started - ignoring session_start() D:\PHP\yanjing\Application\Admin\Controller\AdminController.class.php 第 6 行.
NOTIC: [8] Undefined index:  D:\PHP\yanjing\Application\Admin\Controller\AdminController.class.php 第 30 行.
NOTIC: [8] Undefined index: authName D:\PHP\yanjing\Application\Admin\Controller\AdminController.class.php 第 31 行.
SQL: SHOW COLUMNS FROM `gls_user` [ RunTime:0.0125s ]
SQL: SELECT COUNT(*) AS tp_count FROM `gls_user` LIMIT 1   [ RunTime:0.0039s ]
SQL: SELECT * FROM `gls_user` ORDER BY add_time desc LIMIT 0,20   [ RunTime:0.0006s ]
INFO: [ view_parse ] --START--
INFO: [ template_filter ] --START--
INFO: Run Behavior\ContentReplaceBehavior [ RunTime:0.000238s ]
INFO: [ template_filter ] --END-- [ RunTime:0.000299s ]
NOTIC: [8] Undefined variable: CONFIG D:\PHP\yanjing\Runtime\Cache\Admin\a3fac09a93f074ed285df3671a78f30b.php 第 7 行.
NOTIC: [8] Undefined variable: CONFIG D:\PHP\yanjing\Runtime\Cache\Admin\a3fac09a93f074ed285df3671a78f30b.php 第 8 行.
NOTIC: [8] Undefined variable: CONFIG D:\PHP\yanjing\Runtime\Cache\Admin\a3fac09a93f074ed285df3671a78f30b.php 第 9 行.
NOTIC: [8] Undefined variable: action D:\PHP\yanjing\Runtime\Cache\Admin\a3fac09a93f074ed285df3671a78f30b.php 第 189 行.
NOTIC: [8] Undefined variable: btn D:\PHP\yanjing\Runtime\Cache\Admin\a3fac09a93f074ed285df3671a78f30b.php 第 189 行.
NOTIC: [8] Undefined variable: action D:\PHP\yanjing\Runtime\Cache\Admin\a3fac09a93f074ed285df3671a78f30b.php 第 190 行.
NOTIC: [8] Undefined variable: keyword D:\PHP\yanjing\Runtime\Cache\Admin\a3fac09a93f074ed285df3671a78f30b.php 第 230 行.
NOTIC: [8] Use of undefined constant sort - assumed 'sort' D:\PHP\yanjing\Runtime\Cache\Admin\a3fac09a93f074ed285df3671a78f30b.php 第 260 行.
NOTIC: [8] Undefined variable: action D:\PHP\yanjing\Runtime\Cache\Admin\a3fac09a93f074ed285df3671a78f30b.php 第 260 行.
NOTIC: [8] Undefined index: id D:\PHP\yanjing\Runtime\Cache\Admin\a3fac09a93f074ed285df3671a78f30b.php 第 274 行.
NOTIC: [8] Use of undefined constant sort - assumed 'sort' D:\PHP\yanjing\Runtime\Cache\Admin\a3fac09a93f074ed285df3671a78f30b.php 第 274 行.
NOTIC: [8] Undefined variable: action D:\PHP\yanjing\Runtime\Cache\Admin\a3fac09a93f074ed285df3671a78f30b.php 第 274 行.
NOTIC: [8] Use of undefined constant sort - assumed 'sort' D:\PHP\yanjing\Runtime\Cache\Admin\a3fac09a93f074ed285df3671a78f30b.php 第 276 行.
NOTIC: [8] Undefined variable: action D:\PHP\yanjing\Runtime\Cache\Admin\a3fac09a93f074ed285df3671a78f30b.php 第 276 行.
NOTIC: [8] Undefined index: id D:\PHP\yanjing\Runtime\Cache\Admin\a3fac09a93f074ed285df3671a78f30b.php 第 281 行.
NOTIC: [8] Use of undefined constant id - assumed 'id' D:\PHP\yanjing\Runtime\Cache\Admin\a3fac09a93f074ed285df3671a78f30b.php 第 325 行.
NOTIC: [8] Undefined index: id D:\PHP\yanjing\Runtime\Cache\Admin\a3fac09a93f074ed285df3671a78f30b.php 第 325 行.
NOTIC: [8] Undefined index: id D:\PHP\yanjing\Runtime\Cache\Admin\a3fac09a93f074ed285df3671a78f30b.php 第 274 行.
NOTIC: [8] Use of undefined constant sort - assumed 'sort' D:\PHP\yanjing\Runtime\Cache\Admin\a3fac09a93f074ed285df3671a78f30b.php 第 274 行.
NOTIC: [8] Undefined variable: action D:\PHP\yanjing\Runtime\Cache\Admin\a3fac09a93f074ed285df3671a78f30b.php 第 274 行.
NOTIC: [8] Use of undefined constant sort - assumed 'sort' D:\PHP\yanjing\Runtime\Cache\Admin\a3fac09a93f074ed285df3671a78f30b.php 第 276 行.
NOTIC: [8] Undefined variable: action D:\PHP\yanjing\Runtime\Cache\Admin\a3fac09a93f074ed285df3671a78f30b.php 第 276 行.
NOTIC: [8] Undefined index: id D:\PHP\yanjing\Runtime\Cache\Admin\a3fac09a93f074ed285df3671a78f30b.php 第 281 行.
NOTIC: [8] Use of undefined constant id - assumed 'id' D:\PHP\yanjing\Runtime\Cache\Admin\a3fac09a93f074ed285df3671a78f30b.php 第 325 行.
NOTIC: [8] Undefined index: id D:\PHP\yanjing\Runtime\Cache\Admin\a3fac09a93f074ed285df3671a78f30b.php 第 325 行.
NOTIC: [8] Undefined index: id D:\PHP\yanjing\Runtime\Cache\Admin\a3fac09a93f074ed285df3671a78f30b.php 第 274 行.
NOTIC: [8] Use of undefined constant sort - assumed 'sort' D:\PHP\yanjing\Runtime\Cache\Admin\a3fac09a93f074ed285df3671a78f30b.php 第 274 行.
NOTIC: [8] Undefined variable: action D:\PHP\yanjing\Runtime\Cache\Admin\a3fac09a93f074ed285df3671a78f30b.php 第 274 行.
NOTIC: [8] Use of undefined constant sort - assumed 'sort' D:\PHP\yanjing\Runtime\Cache\Admin\a3fac09a93f074ed285df3671a78f30b.php 第 276 行.
NOTIC: [8] Undefined variable: action D:\PHP\yanjing\Runtime\Cache\Admin\a3fac09a93f074ed285df3671a78f30b.php 第 276 行.
NOTIC: [8] Undefined index: id D:\PHP\yanjing\Runtime\Cache\Admin\a3fac09a93f074ed285df3671a78f30b.php 第 281 行.
NOTIC: [8] Use of undefined constant id - assumed 'id' D:\PHP\yanjing\Runtime\Cache\Admin\a3fac09a93f074ed285df3671a78f30b.php 第 325 行.
NOTIC: [8] Undefined index: id D:\PHP\yanjing\Runtime\Cache\Admin\a3fac09a93f074ed285df3671a78f30b.php 第 325 行.
NOTIC: [8] Undefined index: id D:\PHP\yanjing\Runtime\Cache\Admin\a3fac09a93f074ed285df3671a78f30b.php 第 274 行.
NOTIC: [8] Use of undefined constant sort - assumed 'sort' D:\PHP\yanjing\Runtime\Cache\Admin\a3fac09a93f074ed285df3671a78f30b.php 第 274 行.
NOTIC: [8] Undefined variable: action D:\PHP\yanjing\Runtime\Cache\Admin\a3fac09a93f074ed285df3671a78f30b.php 第 274 行.
NOTIC: [8] Use of undefined constant sort - assumed 'sort' D:\PHP\yanjing\Runtime\Cache\Admin\a3fac09a93f074ed285df3671a78f30b.php 第 276 行.
NOTIC: [8] Undefined variable: action D:\PHP\yanjing\Runtime\Cache\Admin\a3fac09a93f074ed285df3671a78f30b.php 第 276 行.
NOTIC: [8] Undefined index: id D:\PHP\yanjing\Runtime\Cache\Admin\a3fac09a93f074ed285df3671a78f30b.php 第 281 行.
NOTIC: [8] Use of undefined constant id - assumed 'id' D:\PHP\yanjing\Runtime\Cache\Admin\a3fac09a93f074ed285df3671a78f30b.php 第 325 行.
NOTIC: [8] Undefined index: id D:\PHP\yanjing\Runtime\Cache\Admin\a3fac09a93f074ed285df3671a78f30b.php 第 325 行.
NOTIC: [8] Undefined index: id D:\PHP\yanjing\Runtime\Cache\Admin\a3fac09a93f074ed285df3671a78f30b.php 第 274 行.
NOTIC: [8] Use of undefined constant sort - assumed 'sort' D:\PHP\yanjing\Runtime\Cache\Admin\a3fac09a93f074ed285df3671a78f30b.php 第 274 行.
NOTIC: [8] Undefined variable: action D:\PHP\yanjing\Runtime\Cache\Admin\a3fac09a93f074ed285df3671a78f30b.php 第 274 行.
NOTIC: [8] Use of undefined constant sort - assumed 'sort' D:\PHP\yanjing\Runtime\Cache\Admin\a3fac09a93f074ed285df3671a78f30b.php 第 276 行.
NOTIC: [8] Undefined variable: action D:\PHP\yanjing\Runtime\Cache\Admin\a3fac09a93f074ed285df3671a78f30b.php 第 276 行.
NOTIC: [8] Undefined index: id D:\PHP\yanjing\Runtime\Cache\Admin\a3fac09a93f074ed285df3671a78f30b.php 第 281 行.
NOTIC: [8] Use of undefined constant id - assumed 'id' D:\PHP\yanjing\Runtime\Cache\Admin\a3fac09a93f074ed285df3671a78f30b.php 第 325 行.
NOTIC: [8] Undefined index: id D:\PHP\yanjing\Runtime\Cache\Admin\a3fac09a93f074ed285df3671a78f30b.php 第 325 行.
NOTIC: [8] Undefined index: id D:\PHP\yanjing\Runtime\Cache\Admin\a3fac09a93f074ed285df3671a78f30b.php 第 274 行.
NOTIC: [8] Use of undefined constant sort - assumed 'sort' D:\PHP\yanjing\Runtime\Cache\Admin\a3fac09a93f074ed285df3671a78f30b.php 第 274 行.
NOTIC: [8] Undefined variable: action D:\PHP\yanjing\Runtime\Cache\Admin\a3fac09a93f074ed285df3671a78f30b.php 第 274 行.
NOTIC: [8] Use of undefined constant sort - assumed 'sort' D:\PHP\yanjing\Runtime\Cache\Admin\a3fac09a93f074ed285df3671a78f30b.php 第 276 行.
NOTIC: [8] Undefined variable: action D:\PHP\yanjing\Runtime\Cache\Admin\a3fac09a93f074ed285df3671a78f30b.php 第 276 行.
NOTIC: [8] Undefined index: id D:\PHP\yanjing\Runtime\Cache\Admin\a3fac09a93f074ed285df3671a78f30b.php 第 281 行.
NOTIC: [8] Use of undefined constant id - assumed 'id' D:\PHP\yanjing\Runtime\Cache\Admin\a3fac09a93f074ed285df3671a78f30b.php 第 325 行.
NOTIC: [8] Undefined index: id D:\PHP\yanjing\Runtime\Cache\Admin\a3fac09a93f074ed285df3671a78f30b.php 第 325 行.
NOTIC: [8] Undefined index: id D:\PHP\yanjing\Runtime\Cache\Admin\a3fac09a93f074ed285df3671a78f30b.php 第 274 行.
NOTIC: [8] Use of undefined constant sort - assumed 'sort' D:\PHP\yanjing\Runtime\Cache\Admin\a3fac09a93f074ed285df3671a78f30b.php 第 274 行.
NOTIC: [8] Undefined variable: action D:\PHP\yanjing\Runtime\Cache\Admin\a3fac09a93f074ed285df3671a78f30b.php 第 274 行.
NOTIC: [8] Use of undefined constant sort - assumed 'sort' D:\PHP\yanjing\Runtime\Cache\Admin\a3fac09a93f074ed285df3671a78f30b.php 第 276 行.
NOTIC: [8] Undefined variable: action D:\PHP\yanjing\Runtime\Cache\Admin\a3fac09a93f074ed285df3671a78f30b.php 第 276 行.
NOTIC: [8] Undefined index: id D:\PHP\yanjing\Runtime\Cache\Admin\a3fac09a93f074ed285df3671a78f30b.php 第 281 行.
NOTIC: [8] Use of undefined constant id - assumed 'id' D:\PHP\yanjing\Runtime\Cache\Admin\a3fac09a93f074ed285df3671a78f30b.php 第 325 行.
NOTIC: [8] Undefined index: id D:\PHP\yanjing\Runtime\Cache\Admin\a3fac09a93f074ed285df3671a78f30b.php 第 325 行.
NOTIC: [8] Undefined index: id D:\PHP\yanjing\Runtime\Cache\Admin\a3fac09a93f074ed285df3671a78f30b.php 第 274 行.
NOTIC: [8] Use of undefined constant sort - assumed 'sort' D:\PHP\yanjing\Runtime\Cache\Admin\a3fac09a93f074ed285df3671a78f30b.php 第 274 行.
NOTIC: [8] Undefined variable: action D:\PHP\yanjing\Runtime\Cache\Admin\a3fac09a93f074ed285df3671a78f30b.php 第 274 行.
NOTIC: [8] Use of undefined constant sort - assumed 'sort' D:\PHP\yanjing\Runtime\Cache\Admin\a3fac09a93f074ed285df3671a78f30b.php 第 276 行.
NOTIC: [8] Undefined variable: action D:\PHP\yanjing\Runtime\Cache\Admin\a3fac09a93f074ed285df3671a78f30b.php 第 276 行.
NOTIC: [8] Undefined index: id D:\PHP\yanjing\Runtime\Cache\Admin\a3fac09a93f074ed285df3671a78f30b.php 第 281 行.
NOTIC: [8] Use of undefined constant id - assumed 'id' D:\PHP\yanjing\Runtime\Cache\Admin\a3fac09a93f074ed285df3671a78f30b.php 第 325 行.
NOTIC: [8] Undefined index: id D:\PHP\yanjing\Runtime\Cache\Admin\a3fac09a93f074ed285df3671a78f30b.php 第 325 行.
NOTIC: [8] Undefined index: id D:\PHP\yanjing\Runtime\Cache\Admin\a3fac09a93f074ed285df3671a78f30b.php 第 274 行.
NOTIC: [8] Use of undefined constant sort - assumed 'sort' D:\PHP\yanjing\Runtime\Cache\Admin\a3fac09a93f074ed285df3671a78f30b.php 第 274 行.
NOTIC: [8] Undefined variable: action D:\PHP\yanjing\Runtime\Cache\Admin\a3fac09a93f074ed285df3671a78f30b.php 第 274 行.
NOTIC: [8] Use of undefined constant sort - assumed 'sort' D:\PHP\yanjing\Runtime\Cache\Admin\a3fac09a93f074ed285df3671a78f30b.php 第 276 行.
NOTIC: [8] Undefined variable: action D:\PHP\yanjing\Runtime\Cache\Admin\a3fac09a93f074ed285df3671a78f30b.php 第 276 行.
NOTIC: [8] Undefined index: id D:\PHP\yanjing\Runtime\Cache\Admin\a3fac09a93f074ed285df3671a78f30b.php 第 281 行.
NOTIC: [8] Use of undefined constant id - assumed 'id' D:\PHP\yanjing\Runtime\Cache\Admin\a3fac09a93f074ed285df3671a78f30b.php 第 325 行.
NOTIC: [8] Undefined index: id D:\PHP\yanjing\Runtime\Cache\Admin\a3fac09a93f074ed285df3671a78f30b.php 第 325 行.
NOTIC: [8] Undefined index: id D:\PHP\yanjing\Runtime\Cache\Admin\a3fac09a93f074ed285df3671a78f30b.php 第 274 行.
NOTIC: [8] Use of undefined constant sort - assumed 'sort' D:\PHP\yanjing\Runtime\Cache\Admin\a3fac09a93f074ed285df3671a78f30b.php 第 274 行.
NOTIC: [8] Undefined variable: action D:\PHP\yanjing\Runtime\Cache\Admin\a3fac09a93f074ed285df3671a78f30b.php 第 274 行.
NOTIC: [8] Use of undefined constant sort - assumed 'sort' D:\PHP\yanjing\Runtime\Cache\Admin\a3fac09a93f074ed285df3671a78f30b.php 第 276 行.
NOTIC: [8] Undefined variable: action D:\PHP\yanjing\Runtime\Cache\Admin\a3fac09a93f074ed285df3671a78f30b.php 第 276 行.
NOTIC: [8] Undefined index: id D:\PHP\yanjing\Runtime\Cache\Admin\a3fac09a93f074ed285df3671a78f30b.php 第 281 行.
NOTIC: [8] Use of undefined constant id - assumed 'id' D:\PHP\yanjing\Runtime\Cache\Admin\a3fac09a93f074ed285df3671a78f30b.php 第 325 行.
NOTIC: [8] Undefined index: id D:\PHP\yanjing\Runtime\Cache\Admin\a3fac09a93f074ed285df3671a78f30b.php 第 325 行.
NOTIC: [8] Undefined index: id D:\PHP\yanjing\Runtime\Cache\Admin\a3fac09a93f074ed285df3671a78f30b.php 第 274 行.
NOTIC: [8] Use of undefined constant sort - assumed 'sort' D:\PHP\yanjing\Runtime\Cache\Admin\a3fac09a93f074ed285df3671a78f30b.php 第 274 行.
NOTIC: [8] Undefined variable: action D:\PHP\yanjing\Runtime\Cache\Admin\a3fac09a93f074ed285df3671a78f30b.php 第 274 行.
NOTIC: [8] Use of undefined constant sort - assumed 'sort' D:\PHP\yanjing\Runtime\Cache\Admin\a3fac09a93f074ed285df3671a78f30b.php 第 276 行.
NOTIC: [8] Undefined variable: action D:\PHP\yanjing\Runtime\Cache\Admin\a3fac09a93f074ed285df3671a78f30b.php 第 276 行.
NOTIC: [8] Undefined index: id D:\PHP\yanjing\Runtime\Cache\Admin\a3fac09a93f074ed285df3671a78f30b.php 第 281 行.
NOTIC: [8] Use of undefined constant id - assumed 'id' D:\PHP\yanjing\Runtime\Cache\Admin\a3fac09a93f074ed285df3671a78f30b.php 第 325 行.
NOTIC: [8] Undefined index: id D:\PHP\yanjing\Runtime\Cache\Admin\a3fac09a93f074ed285df3671a78f30b.php 第 325 行.
NOTIC: [8] Undefined index: id D:\PHP\yanjing\Runtime\Cache\Admin\a3fac09a93f074ed285df3671a78f30b.php 第 274 行.
NOTIC: [8] Use of undefined constant sort - assumed 'sort' D:\PHP\yanjing\Runtime\Cache\Admin\a3fac09a93f074ed285df3671a78f30b.php 第 274 行.
NOTIC: [8] Undefined variable: action D:\PHP\yanjing\Runtime\Cache\Admin\a3fac09a93f074ed285df3671a78f30b.php 第 274 行.
NOTIC: [8] Use of undefined constant sort - assumed 'sort' D:\PHP\yanjing\Runtime\Cache\Admin\a3fac09a93f074ed285df3671a78f30b.php 第 276 行.
NOTIC: [8] Undefined variable: action D:\PHP\yanjing\Runtime\Cache\Admin\a3fac09a93f074ed285df3671a78f30b.php 第 276 行.
NOTIC: [8] Undefined index: id D:\PHP\yanjing\Runtime\Cache\Admin\a3fac09a93f074ed285df3671a78f30b.php 第 281 行.
NOTIC: [8] Use of undefined constant id - assumed 'id' D:\PHP\yanjing\Runtime\Cache\Admin\a3fac09a93f074ed285df3671a78f30b.php 第 325 行.
NOTIC: [8] Undefined index: id D:\PHP\yanjing\Runtime\Cache\Admin\a3fac09a93f074ed285df3671a78f30b.php 第 325 行.
NOTIC: [8] Undefined index: id D:\PHP\yanjing\Runtime\Cache\Admin\a3fac09a93f074ed285df3671a78f30b.php 第 274 行.
NOTIC: [8] Use of undefined constant sort - assumed 'sort' D:\PHP\yanjing\Runtime\Cache\Admin\a3fac09a93f074ed285df3671a78f30b.php 第 274 行.
NOTIC: [8] Undefined variable: action D:\PHP\yanjing\Runtime\Cache\Admin\a3fac09a93f074ed285df3671a78f30b.php 第 274 行.
NOTIC: [8] Use of undefined constant sort - assumed 'sort' D:\PHP\yanjing\Runtime\Cache\Admin\a3fac09a93f074ed285df3671a78f30b.php 第 276 行.
NOTIC: [8] Undefined variable: action D:\PHP\yanjing\Runtime\Cache\Admin\a3fac09a93f074ed285df3671a78f30b.php 第 276 行.
NOTIC: [8] Undefined index: id D:\PHP\yanjing\Runtime\Cache\Admin\a3fac09a93f074ed285df3671a78f30b.php 第 281 行.
NOTIC: [8] Use of undefined constant id - assumed 'id' D:\PHP\yanjing\Runtime\Cache\Admin\a3fac09a93f074ed285df3671a78f30b.php 第 325 行.
NOTIC: [8] Undefined index: id D:\PHP\yanjing\Runtime\Cache\Admin\a3fac09a93f074ed285df3671a78f30b.php 第 325 行.
NOTIC: [8] Undefined index: id D:\PHP\yanjing\Runtime\Cache\Admin\a3fac09a93f074ed285df3671a78f30b.php 第 274 行.
NOTIC: [8] Use of undefined constant sort - assumed 'sort' D:\PHP\yanjing\Runtime\Cache\Admin\a3fac09a93f074ed285df3671a78f30b.php 第 274 行.
NOTIC: [8] Undefined variable: action D:\PHP\yanjing\Runtime\Cache\Admin\a3fac09a93f074ed285df3671a78f30b.php 第 274 行.
NOTIC: [8] Use of undefined constant sort - assumed 'sort' D:\PHP\yanjing\Runtime\Cache\Admin\a3fac09a93f074ed285df3671a78f30b.php 第 276 行.
NOTIC: [8] Undefined variable: action D:\PHP\yanjing\Runtime\Cache\Admin\a3fac09a93f074ed285df3671a78f30b.php 第 276 行.
NOTIC: [8] Undefined index: id D:\PHP\yanjing\Runtime\Cache\Admin\a3fac09a93f074ed285df3671a78f30b.php 第 281 行.
NOTIC: [8] Use of undefined constant id - assumed 'id' D:\PHP\yanjing\Runtime\Cache\Admin\a3fac09a93f074ed285df3671a78f30b.php 第 325 行.
NOTIC: [8] Undefined index: id D:\PHP\yanjing\Runtime\Cache\Admin\a3fac09a93f074ed285df3671a78f30b.php 第 325 行.
NOTIC: [8] Undefined variable: status D:\PHP\yanjing\Runtime\Cache\Admin\a3fac09a93f074ed285df3671a78f30b.php 第 356 行.
NOTIC: [8] Undefined variable: is_best D:\PHP\yanjing\Runtime\Cache\Admin\a3fac09a93f074ed285df3671a78f30b.php 第 357 行.
NOTIC: [8] Undefined variable: is_enquiry D:\PHP\yanjing\Runtime\Cache\Admin\a3fac09a93f074ed285df3671a78f30b.php 第 358 行.
NOTIC: [8] Undefined variable: is_sell D:\PHP\yanjing\Runtime\Cache\Admin\a3fac09a93f074ed285df3671a78f30b.php 第 359 行.
NOTIC: [8] Undefined variable: artist_id D:\PHP\yanjing\Runtime\Cache\Admin\a3fac09a93f074ed285df3671a78f30b.php 第 360 行.
NOTIC: [8] Undefined variable: cat_id D:\PHP\yanjing\Runtime\Cache\Admin\a3fac09a93f074ed285df3671a78f30b.php 第 361 行.
NOTIC: [8] Undefined variable: sub_id D:\PHP\yanjing\Runtime\Cache\Admin\a3fac09a93f074ed285df3671a78f30b.php 第 362 行.
NOTIC: [8] Undefined variable: is_new D:\PHP\yanjing\Runtime\Cache\Admin\a3fac09a93f074ed285df3671a78f30b.php 第 363 行.
NOTIC: [8] Undefined variable: is_best D:\PHP\yanjing\Runtime\Cache\Admin\a3fac09a93f074ed285df3671a78f30b.php 第 364 行.
NOTIC: [8] Undefined variable: is_discount D:\PHP\yanjing\Runtime\Cache\Admin\a3fac09a93f074ed285df3671a78f30b.php 第 365 行.
INFO: Run Behavior\ParseTemplateBehavior [ RunTime:0.030551s ]
INFO: [ view_parse ] --END-- [ RunTime:0.030589s ]
INFO: [ view_filter ] --START--
INFO: Run Behavior\WriteHtmlCacheBehavior [ RunTime:0.000850s ]
INFO: [ view_filter ] --END-- [ RunTime:0.000881s ]
INFO: [ app_end ] --START--
INFO: Run Behavior\ShowPageTraceBehavior [ RunTime:0.001355s ]
INFO: [ app_end ] --END-- [ RunTime:0.001417s ]

