[ 2018-12-12T10:00:00+08:00 ] 127.0.0.1 /
INFO: [ app_init ] --START--
INFO: Run Behavior\BuildLiteBehavior [ RunTime:0.000011s ]
INFO: [ app_init ] --END-- [ RunTime:0.002008s ]
INFO: [ app_begin ] --START--
INFO: Run Behavior\ReadHtmlCacheBehavior [ RunTime:0.001127s ]
INFO: [ app_begin ] --END-- [ RunTime:0.001176s ]
NOTIC: [8] A session had already been started - ignoring session_start() D:\PHP\yanjing\Application\Admin\Controller\AdminController.class.php 第 6 行.
NOTIC: [8] Undefined index:  D:\PHP\yanjing\Application\Admin\Controller\AdminController.class.php 第 30 行.
NOTIC: [8] Undefined index: authName D:\PHP\yanjing\Application\Admin\Controller\AdminController.class.php 第 31 行.
SQL: SHOW COLUMNS FROM `gls_menu` [ RunTime:0.0167s ]
SQL: SELECT * FROM `gls_menu` WHERE `status` = 1 AND `pid` = 0 ORDER BY sort  [ RunTime:0.0030s ]
SQL: SELECT * FROM `gls_menu` WHERE `status` = 1 AND `pid` = 1 ORDER BY sort  [ RunTime:0.0005s ]
INFO: [ view_parse ] --START--
INFO: [ template_filter ] --START--
INFO: Run Behavior\ContentReplaceBehavior [ RunTime:0.000294s ]
INFO: [ template_filter ] --END-- [ RunTime:0.000332s ]
NOTIC: [8] Undefined variable: CONFIG D:\PHP\yanjing\Runtime\Cache\Admin\085b574956cdc611cfedaace62cf4e64.php 第 7 行.
NOTIC: [8] Undefined variable: CONFIG D:\PHP\yanjing\Runtime\Cache\Admin\085b574956cdc611cfedaace62cf4e64.php 第 8 行.
NOTIC: [8] Undefined variable: CONFIG D:\PHP\yanjing\Runtime\Cache\Admin\085b574956cdc611cfedaace62cf4e64.php 第 9 行.
NOTIC: [8] Undefined variable: personal D:\PHP\yanjing\Runtime\Cache\Admin\085b574956cdc611cfedaace62cf4e64.php 第 204 行.
NOTIC: [8] Undefined variable: personal D:\PHP\yanjing\Runtime\Cache\Admin\085b574956cdc611cfedaace62cf4e64.php 第 204 行.
NOTIC: [8] Undefined variable: personal D:\PHP\yanjing\Runtime\Cache\Admin\085b574956cdc611cfedaace62cf4e64.php 第 205 行.
NOTIC: [8] Undefined variable: personal D:\PHP\yanjing\Runtime\Cache\Admin\085b574956cdc611cfedaace62cf4e64.php 第 210 行.
NOTIC: [8] Undefined variable: personal D:\PHP\yanjing\Runtime\Cache\Admin\085b574956cdc611cfedaace62cf4e64.php 第 211 行.
NOTIC: [8] Undefined variable: personal D:\PHP\yanjing\Runtime\Cache\Admin\085b574956cdc611cfedaace62cf4e64.php 第 216 行.
NOTIC: [8] Undefined variable: personal D:\PHP\yanjing\Runtime\Cache\Admin\085b574956cdc611cfedaace62cf4e64.php 第 239 行.
NOTIC: [8] Undefined variable: personal D:\PHP\yanjing\Runtime\Cache\Admin\085b574956cdc611cfedaace62cf4e64.php 第 239 行.
NOTIC: [8] Undefined variable: personal D:\PHP\yanjing\Runtime\Cache\Admin\085b574956cdc611cfedaace62cf4e64.php 第 240 行.
NOTIC: [8] Undefined variable: personal D:\PHP\yanjing\Runtime\Cache\Admin\085b574956cdc611cfedaace62cf4e64.php 第 248 行.
NOTIC: [8] Undefined variable: personal D:\PHP\yanjing\Runtime\Cache\Admin\085b574956cdc611cfedaace62cf4e64.php 第 248 行.
NOTIC: [8] Undefined variable: personal D:\PHP\yanjing\Runtime\Cache\Admin\085b574956cdc611cfedaace62cf4e64.php 第 249 行.
NOTIC: [8] Undefined variable: personal D:\PHP\yanjing\Runtime\Cache\Admin\085b574956cdc611cfedaace62cf4e64.php 第 253 行.
NOTIC: [8] Undefined variable: personal D:\PHP\yanjing\Runtime\Cache\Admin\085b574956cdc611cfedaace62cf4e64.php 第 254 行.
NOTIC: [8] Undefined variable: personal D:\PHP\yanjing\Runtime\Cache\Admin\085b574956cdc611cfedaace62cf4e64.php 第 260 行.
NOTIC: [8] Undefined variable: personal D:\PHP\yanjing\Runtime\Cache\Admin\085b574956cdc611cfedaace62cf4e64.php 第 260 行.
NOTIC: [8] Undefined variable: personal D:\PHP\yanjing\Runtime\Cache\Admin\085b574956cdc611cfedaace62cf4e64.php 第 261 行.
NOTIC: [8] Undefined variable: noReadNum D:\PHP\yanjing\Runtime\Cache\Admin\085b574956cdc611cfedaace62cf4e64.php 第 388 行.
NOTIC: [8] Undefined variable: CONFIG D:\PHP\yanjing\Runtime\Cache\Admin\085b574956cdc611cfedaace62cf4e64.php 第 588 行.
NOTIC: [8] Undefined variable: CONFIG D:\PHP\yanjing\Runtime\Cache\Admin\085b574956cdc611cfedaace62cf4e64.php 第 589 行.
NOTIC: [8] Undefined variable: CONFIG D:\PHP\yanjing\Runtime\Cache\Admin\085b574956cdc611cfedaace62cf4e64.php 第 590 行.
NOTIC: [8] Undefined variable: CONFIG D:\PHP\yanjing\Runtime\Cache\Admin\085b574956cdc611cfedaace62cf4e64.php 第 591 行.
NOTIC: [8] Undefined variable: CONFIG D:\PHP\yanjing\Runtime\Cache\Admin\085b574956cdc611cfedaace62cf4e64.php 第 592 行.
NOTIC: [8] Undefined variable: CONFIG D:\PHP\yanjing\Runtime\Cache\Admin\085b574956cdc611cfedaace62cf4e64.php 第 593 行.
NOTIC: [8] Undefined variable: CONFIG D:\PHP\yanjing\Runtime\Cache\Admin\085b574956cdc611cfedaace62cf4e64.php 第 594 行.
NOTIC: [8] Undefined variable: CONFIG D:\PHP\yanjing\Runtime\Cache\Admin\085b574956cdc611cfedaace62cf4e64.php 第 595 行.
NOTIC: [8] Undefined variable: CONFIG D:\PHP\yanjing\Runtime\Cache\Admin\085b574956cdc611cfedaace62cf4e64.php 第 596 行.
NOTIC: [8] Undefined variable: CONFIG D:\PHP\yanjing\Runtime\Cache\Admin\085b574956cdc611cfedaace62cf4e64.php 第 603 行.
INFO: Run Behavior\ParseTemplateBehavior [ RunTime:0.039465s ]
INFO: [ view_parse ] --END-- [ RunTime:0.039517s ]
INFO: [ view_filter ] --START--
INFO: Run Behavior\WriteHtmlCacheBehavior [ RunTime:0.001066s ]
INFO: [ view_filter ] --END-- [ RunTime:0.001105s ]
INFO: [ app_end ] --START--
INFO: Run Behavior\ShowPageTraceBehavior [ RunTime:0.002069s ]
INFO: [ app_end ] --END-- [ RunTime:0.002126s ]

[ 2018-12-12T10:00:00+08:00 ] 127.0.0.1 /index.php/Index/home.html
INFO: [ app_init ] --START--
INFO: Run Behavior\BuildLiteBehavior [ RunTime:0.000016s ]
INFO: [ app_init ] --END-- [ RunTime:0.000904s ]
INFO: [ app_begin ] --START--
INFO: Run Behavior\ReadHtmlCacheBehavior [ RunTime:0.000882s ]
INFO: [ app_begin ] --END-- [ RunTime:0.000931s ]
NOTIC: [8] A session had already been started - ignoring session_start() D:\PHP\yanjing\Application\Admin\Controller\AdminController.class.php 第 6 行.
NOTIC: [8] Undefined index:  D:\PHP\yanjing\Application\Admin\Controller\AdminController.class.php 第 30 行.
NOTIC: [8] Undefined index: authName D:\PHP\yanjing\Application\Admin\Controller\AdminController.class.php 第 31 行.
INFO: [ view_parse ] --START--
INFO: [ template_filter ] --START--
INFO: Run Behavior\ContentReplaceBehavior [ RunTime:0.000164s ]
INFO: [ template_filter ] --END-- [ RunTime:0.000246s ]
NOTIC: [8] Undefined variable: meta_title D:\PHP\yanjing\Runtime\Cache\Admin\9c5d20aa0e9b8893a9d043a77e86c28e.php 第 7 行.
NOTIC: [8] Undefined variable: CONFIG D:\PHP\yanjing\Runtime\Cache\Admin\9c5d20aa0e9b8893a9d043a77e86c28e.php 第 7 行.
NOTIC: [8] Undefined variable: CONFIG D:\PHP\yanjing\Runtime\Cache\Admin\9c5d20aa0e9b8893a9d043a77e86c28e.php 第 8 行.
NOTIC: [8] Undefined variable: CONFIG D:\PHP\yanjing\Runtime\Cache\Admin\9c5d20aa0e9b8893a9d043a77e86c28e.php 第 9 行.
INFO: Run Behavior\ParseTemplateBehavior [ RunTime:0.009599s ]
INFO: [ view_parse ] --END-- [ RunTime:0.009658s ]
INFO: [ view_filter ] --START--
INFO: Run Behavior\WriteHtmlCacheBehavior [ RunTime:0.000956s ]
INFO: [ view_filter ] --END-- [ RunTime:0.001018s ]
INFO: [ app_end ] --START--
INFO: Run Behavior\ShowPageTraceBehavior [ RunTime:0.000847s ]
INFO: [ app_end ] --END-- [ RunTime:0.000888s ]

[ 2018-12-12T10:00:00+08:00 ] 127.0.0.1 /favicon.ico
INFO: [ app_init ] --START--
INFO: Run Behavior\BuildLiteBehavior [ RunTime:0.000010s ]
INFO: [ app_init ] --END-- [ RunTime:0.000643s ]

